{"level":"debug","message":"Request: headers={\n  authorization: 'Bearer eyJhbGciOiJSUzI1NiIsInR5cCI6IkpXVCJ9.eyJpYXQiOjE2MTk0NDQ0NzYsImV4cCI6MTYxOTUzMDg3NiwiaXNzIjoiaHR0cHM6Ly9hY21lLmNvbS9zaG9wL0p1ZXJnZW5aaW1tZXJtYW5uIiwic3ViIjoiMjAwMDAwMDAtMDAwMC0wMDAwLTAwMDAtMDAwMDAwMDAwMDAxIiwianRpIjoiNGQ1MDI4MTEtODU2Zi00NDE2LWExZjUtNTI1M2FiMjgyNjljIn0.tMmHKOV4Nqz9_Gp3dfZfbLzT9cHW0XF1NCpwR4AI81PYQrVYBF-t8jx1_vJrb3yLsA2gmdrmD3WnEQhb3oopRlK8fr2lnTcNcEv5qIPdTiFGywy7GyeAiR5UtHQEtkELKxmK39e0aawIscZssSAV33m96umHmt1V3NRuYqj4ijsen_PZVA9Hn7KX3p6jZruaif0IN2kQdO1ls-j7PBoJPYH4I0S5BWxGHUr4I8L4GKKr-e8-dbc0rZiq_QQ_DdtszypZ-qD1oorX1ZsmEuqPYQwV1dHeSjjPRVflDxH0o1Scmm2hFFJ5DMKxDsV8_tJnI1A9KmvZQ89muxwHguILKg',\n  'content-type': 'application/json',\n  'if-match': '\"0\"',\n  accept: '*/*',\n  'content-length': '243',\n  'user-agent': 'node-fetch/1.0 (+https://github.com/bitinn/node-fetch)',\n  'accept-encoding': 'gzip,deflate',\n  host: 'desktop-cuo9s6a:57241',\n  connection: 'close'\n}","timestamp":"2021-04-26T13:41:16.179Z"}
{"level":"debug","message":"Request: protocol=https","timestamp":"2021-04-26T13:41:16.180Z"}
{"level":"debug","message":"Request: hostname=desktop-cuo9s6a","timestamp":"2021-04-26T13:41:16.181Z"}
{"level":"debug","message":"Request: body=undefined","timestamp":"2021-04-26T13:41:16.182Z"}
{"message":"SharedRequestHandler.validateUUID(): isUUID","level":"debug","timestamp":"2021-04-26T13:41:16.198Z"}
{"level":"debug","message":"AuthService.validateJwt(): Der JWT-Token wurde decodiert: {\n  iat: 1619444476,\n  exp: 1619530876,\n  iss: 'https://acme.com/shop/JuergenZimmermann',\n  sub: '20000000-0000-0000-0000-000000000001',\n  jti: '4d502811-856f-4416-a1f5-5253ab28269c'\n}","timestamp":"2021-04-26T13:41:16.200Z"}
{"level":"debug","message":"AuthService.validateJwt(): sub=20000000-0000-0000-0000-000000000001","timestamp":"2021-04-26T13:41:16.201Z"}
{"message":"AuthRequestHandler.validateJwt(): ok","level":"debug","timestamp":"2021-04-26T13:41:16.201Z"}
{"level":"debug","message":"Rollen = [ 'admin', 'mitarbeiter', [length]: 2 ]","timestamp":"2021-04-26T13:41:16.202Z"}
{"level":"debug","message":"RolesService.getNormalizedRoles(): [ 'admin', 'mitarbeiter', [length]: 2 ]","timestamp":"2021-04-26T13:41:16.203Z"}
{"level":"debug","message":"AuthService.hasAnyRole(): true","timestamp":"2021-04-26T13:41:16.203Z"}
{"message":"AuthRequestHandler.hasRolle(): ok","level":"debug","timestamp":"2021-04-26T13:41:16.204Z"}
{"message":"AuthRequestHandler.isAdminMitarbeiter(): ok","level":"debug","timestamp":"2021-04-26T13:41:16.205Z"}
{"message":"SharedRequestHandler.validateContentType(): ok","level":"debug","timestamp":"2021-04-26T13:41:16.205Z"}
{"level":"debug","message":"GemaeldeRequestHandler.update(): id=00000000-0000-0000-0000-000000000999","timestamp":"2021-04-26T13:41:16.207Z"}
{"level":"debug","message":"GemaeldeRequestHandler.getVersionHeader() versionHeader=\"0\"","timestamp":"2021-04-26T13:41:16.208Z"}
{"level":"debug","message":"GemaeldeRequestHandler.getVersionHeader(): version=0","timestamp":"2021-04-26T13:41:16.208Z"}
{"level":"debug","message":"GemaeldeRequestHandler.update(): gemaelde={\n  titel: 'Nichtvorhanden',\n  art: 'OElGEMAELEDE',\n  haendler: 'HAENDLER1',\n  bewertung: 'AAA',\n  beschreibung: 'Nicht vorhanden',\n  wert: 33.33,\n  ausgestellt: true,\n  datum: '2016-02-03',\n  kuenstler: [ { nachname: 'Gamma', vorname: 'Claus' }, [length]: 1 ],\n  kategorien: [ [length]: 0 ],\n  _id: '00000000-0000-0000-0000-000000000999'\n}","timestamp":"2021-04-26T13:41:16.209Z"}
{"level":"debug","message":"GemaeldeService.update(): gemaelde={\n  titel: 'Nichtvorhanden',\n  art: 'OElGEMAELEDE',\n  haendler: 'HAENDLER1',\n  bewertung: 'AAA',\n  beschreibung: 'Nicht vorhanden',\n  wert: 33.33,\n  ausgestellt: true,\n  datum: '2016-02-03',\n  kuenstler: [ { nachname: 'Gamma', vorname: 'Claus' }, [length]: 1 ],\n  kategorien: [ [length]: 0 ],\n  _id: '00000000-0000-0000-0000-000000000999'\n}","timestamp":"2021-04-26T13:41:16.210Z"}
{"level":"debug","message":"GemaeldeService.update(): versionStr=0","timestamp":"2021-04-26T13:41:16.211Z"}
{"level":"debug","message":"GemaeldeService.validateUpdate(): version=0","timestamp":"2021-04-26T13:41:16.211Z"}
{"level":"debug","message":"GemaeldeService.validateUpdate(): gemaelde={\n  titel: 'Nichtvorhanden',\n  art: 'OElGEMAELEDE',\n  haendler: 'HAENDLER1',\n  bewertung: 'AAA',\n  beschreibung: 'Nicht vorhanden',\n  wert: 33.33,\n  ausgestellt: true,\n  datum: '2016-02-03',\n  kuenstler: [ { nachname: 'Gamma', vorname: 'Claus' }, [length]: 1 ],\n  kategorien: [ [length]: 0 ],\n  _id: '00000000-0000-0000-0000-000000000999'\n}","timestamp":"2021-04-26T13:41:16.212Z"}
{"level":"debug","message":"validateGemaelde: errors=[\n  {\n    keyword: 'errorMessage',\n    dataPath: '/art',\n    schemaPath: '#/errorMessage',\n    params: {\n      errors: [\n        {\n          keyword: 'enum',\n          dataPath: '/art',\n          schemaPath: '#/properties/art/enum',\n          params: [Object],\n          message: 'should be equal to one of the allowed values',\n          emUsed: true\n        },\n        [length]: 1\n      ]\n    },\n    message: 'Die Art eines Gemaelde muss ein OELGEMAELDE, SIEBDRUCK oder WASSERFARBENGEMAELDE sein.'\n  },\n  [length]: 1\n]","timestamp":"2021-04-26T13:41:16.213Z"}
{"level":"debug","message":"validateGemaelde: errorMsg={\n  art: 'Die Art eines Gemaelde muss ein OELGEMAELDE, SIEBDRUCK oder WASSERFARBENGEMAELDE sein.'\n}","timestamp":"2021-04-26T13:41:16.214Z"}
{"level":"debug","message":"GemaeldeRequestHandler.handleValidationError(): msg={\n  art: 'Die Art eines Gemaelde muss ein OELGEMAELDE, SIEBDRUCK oder WASSERFARBENGEMAELDE sein.'\n}","timestamp":"2021-04-26T13:41:16.215Z"}
{"level":"debug","message":"Response time: 19.5516 ms","timestamp":"2021-04-26T13:41:16.217Z"}
{"level":"debug","message":"Request: headers={\n  'content-type': 'application/x-www-form-urlencoded',\n  accept: '*/*',\n  'content-length': '25',\n  'user-agent': 'node-fetch/1.0 (+https://github.com/bitinn/node-fetch)',\n  'accept-encoding': 'gzip,deflate',\n  host: 'desktop-cuo9s6a:57241',\n  connection: 'close'\n}","timestamp":"2021-04-26T13:41:16.232Z"}
{"level":"debug","message":"Request: protocol=https","timestamp":"2021-04-26T13:41:16.234Z"}
{"level":"debug","message":"Request: hostname=desktop-cuo9s6a","timestamp":"2021-04-26T13:41:16.234Z"}
{"level":"debug","message":"Request: body=undefined","timestamp":"2021-04-26T13:41:16.235Z"}
{"level":"debug","message":"user: {\n  id: '20000000-0000-0000-0000-000000000001',\n  username: 'admin',\n  password: '$2b$10$YTg4.iW.FPRqHExVLRf05Ob/z/BQqjUxJgncct2TgxGBjl4cCUNGS',\n  email: 'admin@acme.com',\n  roles: [ 'admin', 'mitarbeiter', 'abteilungsleiter', 'kunde', [length]: 4 ]\n}","timestamp":"2021-04-26T13:41:16.254Z"}
{"level":"debug","message":"AuthService.checkPassword(): true","timestamp":"2021-04-26T13:41:16.312Z"}
{"level":"debug","message":"AuthService.login(): result={\n  token: 'eyJhbGciOiJSUzI1NiIsInR5cCI6IkpXVCJ9.eyJpYXQiOjE2MTk0NDQ0NzYsImV4cCI6MTYxOTUzMDg3NiwiaXNzIjoiaHR0cHM6Ly9hY21lLmNvbS9zaG9wL0p1ZXJnZW5aaW1tZXJtYW5uIiwic3ViIjoiMjAwMDAwMDAtMDAwMC0wMDAwLTAwMDAtMDAwMDAwMDAwMDAxIiwianRpIjoiMzA3Y2I4NWQtODAwZS00NDAyLTg4ZDQtYWM2YzNmYzg1YTdmIn0.mPpxcUC1oOTSksGwj9g0VzpfTFrl9juFXyQPCHjTQyEaNmAP3UPatWP_zkCNqYsNOkOOr6EmvLLprUWfRdML22ZfAX1xMBy185cVBPE4WZvqURzLM4zP0VWnttYN0vHsTJhXDZv2S2nkN_debV-bRoDX-9MJ4FcPgYu5_09OewhunghgslXHuwmqntKxADAYar2kPIuJJxWqrjGz12q4IkIJXZ8XH2yj2RNTrtLC082UqP6bx2ebZMeQGOIjMqBtkqs9T6vrgddHa9dbCL1vgzpuGBGVO-9dk7j5JHyHn8eLfnUfoUYG2lnpj7xYwDT_DBUuOCpgYnR7MV-TPrDGQQ',\n  expiresIn: '1d',\n  roles: [ 'admin', 'mitarbeiter', 'abteilungsleiter', 'kunde', [length]: 4 ]\n}","timestamp":"2021-04-26T13:41:16.314Z"}
{"level":"debug","message":"AuthRequestHandler.login(): {\n  token: 'eyJhbGciOiJSUzI1NiIsInR5cCI6IkpXVCJ9.eyJpYXQiOjE2MTk0NDQ0NzYsImV4cCI6MTYxOTUzMDg3NiwiaXNzIjoiaHR0cHM6Ly9hY21lLmNvbS9zaG9wL0p1ZXJnZW5aaW1tZXJtYW5uIiwic3ViIjoiMjAwMDAwMDAtMDAwMC0wMDAwLTAwMDAtMDAwMDAwMDAwMDAxIiwianRpIjoiMzA3Y2I4NWQtODAwZS00NDAyLTg4ZDQtYWM2YzNmYzg1YTdmIn0.mPpxcUC1oOTSksGwj9g0VzpfTFrl9juFXyQPCHjTQyEaNmAP3UPatWP_zkCNqYsNOkOOr6EmvLLprUWfRdML22ZfAX1xMBy185cVBPE4WZvqURzLM4zP0VWnttYN0vHsTJhXDZv2S2nkN_debV-bRoDX-9MJ4FcPgYu5_09OewhunghgslXHuwmqntKxADAYar2kPIuJJxWqrjGz12q4IkIJXZ8XH2yj2RNTrtLC082UqP6bx2ebZMeQGOIjMqBtkqs9T6vrgddHa9dbCL1vgzpuGBGVO-9dk7j5JHyHn8eLfnUfoUYG2lnpj7xYwDT_DBUuOCpgYnR7MV-TPrDGQQ',\n  expiresIn: '1d',\n  roles: [ 'admin', 'mitarbeiter', 'abteilungsleiter', 'kunde', [length]: 4 ]\n}","timestamp":"2021-04-26T13:41:16.315Z"}
{"level":"debug","message":"Response time: 64.462 ms","timestamp":"2021-04-26T13:41:16.316Z"}
{"level":"debug","message":"Request: headers={\n  authorization: 'Bearer eyJhbGciOiJSUzI1NiIsInR5cCI6IkpXVCJ9.eyJpYXQiOjE2MTk0NDQ0NzYsImV4cCI6MTYxOTUzMDg3NiwiaXNzIjoiaHR0cHM6Ly9hY21lLmNvbS9zaG9wL0p1ZXJnZW5aaW1tZXJtYW5uIiwic3ViIjoiMjAwMDAwMDAtMDAwMC0wMDAwLTAwMDAtMDAwMDAwMDAwMDAxIiwianRpIjoiMzA3Y2I4NWQtODAwZS00NDAyLTg4ZDQtYWM2YzNmYzg1YTdmIn0.mPpxcUC1oOTSksGwj9g0VzpfTFrl9juFXyQPCHjTQyEaNmAP3UPatWP_zkCNqYsNOkOOr6EmvLLprUWfRdML22ZfAX1xMBy185cVBPE4WZvqURzLM4zP0VWnttYN0vHsTJhXDZv2S2nkN_debV-bRoDX-9MJ4FcPgYu5_09OewhunghgslXHuwmqntKxADAYar2kPIuJJxWqrjGz12q4IkIJXZ8XH2yj2RNTrtLC082UqP6bx2ebZMeQGOIjMqBtkqs9T6vrgddHa9dbCL1vgzpuGBGVO-9dk7j5JHyHn8eLfnUfoUYG2lnpj7xYwDT_DBUuOCpgYnR7MV-TPrDGQQ',\n  'content-type': 'application/json',\n  'if-match': '\"0\"',\n  accept: '*/*',\n  'content-length': '227',\n  'user-agent': 'node-fetch/1.0 (+https://github.com/bitinn/node-fetch)',\n  'accept-encoding': 'gzip,deflate',\n  host: 'desktop-cuo9s6a:57241',\n  connection: 'close'\n}","timestamp":"2021-04-26T13:41:16.331Z"}
{"level":"debug","message":"Request: protocol=https","timestamp":"2021-04-26T13:41:16.333Z"}
{"level":"debug","message":"Request: hostname=desktop-cuo9s6a","timestamp":"2021-04-26T13:41:16.333Z"}
{"level":"debug","message":"Request: body=undefined","timestamp":"2021-04-26T13:41:16.334Z"}
{"message":"SharedRequestHandler.validateUUID(): isUUID","level":"debug","timestamp":"2021-04-26T13:41:16.350Z"}
{"level":"debug","message":"AuthService.validateJwt(): Der JWT-Token wurde decodiert: {\n  iat: 1619444476,\n  exp: 1619530876,\n  iss: 'https://acme.com/shop/JuergenZimmermann',\n  sub: '20000000-0000-0000-0000-000000000001',\n  jti: '307cb85d-800e-4402-88d4-ac6c3fc85a7f'\n}","timestamp":"2021-04-26T13:41:16.352Z"}
{"level":"debug","message":"AuthService.validateJwt(): sub=20000000-0000-0000-0000-000000000001","timestamp":"2021-04-26T13:41:16.353Z"}
{"message":"AuthRequestHandler.validateJwt(): ok","level":"debug","timestamp":"2021-04-26T13:41:16.354Z"}
{"level":"debug","message":"Rollen = [ 'admin', 'mitarbeiter', [length]: 2 ]","timestamp":"2021-04-26T13:41:16.354Z"}
{"level":"debug","message":"RolesService.getNormalizedRoles(): [ 'admin', 'mitarbeiter', [length]: 2 ]","timestamp":"2021-04-26T13:41:16.355Z"}
{"level":"debug","message":"AuthService.hasAnyRole(): true","timestamp":"2021-04-26T13:41:16.356Z"}
{"message":"AuthRequestHandler.hasRolle(): ok","level":"debug","timestamp":"2021-04-26T13:41:16.356Z"}
{"message":"AuthRequestHandler.isAdminMitarbeiter(): ok","level":"debug","timestamp":"2021-04-26T13:41:16.357Z"}
{"message":"SharedRequestHandler.validateContentType(): ok","level":"debug","timestamp":"2021-04-26T13:41:16.359Z"}
{"level":"debug","message":"GemaeldeRequestHandler.update(): id=00000000-0000-0000-0000-000000000003","timestamp":"2021-04-26T13:41:16.361Z"}
{"level":"debug","message":"GemaeldeRequestHandler.getVersionHeader() versionHeader=\"0\"","timestamp":"2021-04-26T13:41:16.362Z"}
{"level":"debug","message":"GemaeldeRequestHandler.getVersionHeader(): version=0","timestamp":"2021-04-26T13:41:16.362Z"}
{"level":"debug","message":"GemaeldeRequestHandler.update(): gemaelde={\n  titel: 'Alpha',\n  art: 'UNSICHTBAR',\n  bewertung: 'D',\n  haendler: 'NO_VERLAG',\n  wert: 0.01,\n  ausgestellt: true,\n  datum: '12345-123-123',\n  zertifizierung: 'falsche-ISBN',\n  autoren: [ { nachname: 'Test', vorname: 'Theo' }, [length]: 1 ],\n  kategorien: [ [length]: 0 ],\n  _id: '00000000-0000-0000-0000-000000000003'\n}","timestamp":"2021-04-26T13:41:16.363Z"}
{"level":"debug","message":"GemaeldeService.update(): gemaelde={\n  titel: 'Alpha',\n  art: 'UNSICHTBAR',\n  bewertung: 'D',\n  haendler: 'NO_VERLAG',\n  wert: 0.01,\n  ausgestellt: true,\n  datum: '12345-123-123',\n  zertifizierung: 'falsche-ISBN',\n  autoren: [ { nachname: 'Test', vorname: 'Theo' }, [length]: 1 ],\n  kategorien: [ [length]: 0 ],\n  _id: '00000000-0000-0000-0000-000000000003'\n}","timestamp":"2021-04-26T13:41:16.364Z"}
{"level":"debug","message":"GemaeldeService.update(): versionStr=0","timestamp":"2021-04-26T13:41:16.365Z"}
{"level":"debug","message":"GemaeldeService.validateUpdate(): version=0","timestamp":"2021-04-26T13:41:16.365Z"}
{"level":"debug","message":"GemaeldeService.validateUpdate(): gemaelde={\n  titel: 'Alpha',\n  art: 'UNSICHTBAR',\n  bewertung: 'D',\n  haendler: 'NO_VERLAG',\n  wert: 0.01,\n  ausgestellt: true,\n  datum: '12345-123-123',\n  zertifizierung: 'falsche-ISBN',\n  autoren: [ { nachname: 'Test', vorname: 'Theo' }, [length]: 1 ],\n  kategorien: [ [length]: 0 ],\n  _id: '00000000-0000-0000-0000-000000000003'\n}","timestamp":"2021-04-26T13:41:16.366Z"}
{"level":"debug","message":"validateGemaelde: errors=[\n  {\n    keyword: 'additionalProperties',\n    dataPath: '',\n    schemaPath: '#/additionalProperties',\n    params: { additionalProperty: 'autoren' },\n    message: 'should NOT have additional properties'\n  },\n  {\n    keyword: 'errorMessage',\n    dataPath: '/bewertung',\n    schemaPath: '#/errorMessage',\n    params: {\n      errors: [\n        {\n          keyword: 'enum',\n          dataPath: '/bewertung',\n          schemaPath: '#/properties/bewertung/enum',\n          params: [Object],\n          message: 'should be equal to one of the allowed values',\n          emUsed: true\n        },\n        [length]: 1\n      ]\n    },\n    message: 'Eine Bewertung muss zwischen AAA und C liegen'\n  },\n  {\n    keyword: 'errorMessage',\n    dataPath: '/art',\n    schemaPath: '#/errorMessage',\n    params: {\n      errors: [\n        {\n          keyword: 'enum',\n          dataPath: '/art',\n          schemaPath: '#/properties/art/enum',\n          params: [Object],\n          message: 'should be equal to one of the allowed values',\n          emUsed: true\n        },\n        [length]: 1\n      ]\n    },\n    message: 'Die Art eines Gemaelde muss ein OELGEMAELDE, SIEBDRUCK oder WASSERFARBENGEMAELDE sein.'\n  },\n  {\n    keyword: 'errorMessage',\n    dataPath: '/haendler',\n    schemaPath: '#/errorMessage',\n    params: {\n      errors: [\n        {\n          keyword: 'enum',\n          dataPath: '/haendler',\n          schemaPath: '#/properties/haendler/enum',\n          params: [Object],\n          message: 'should be equal to one of the allowed values',\n          emUsed: true\n        },\n        [length]: 1\n      ]\n    },\n    message: 'Der Haendler eines Gemaeldes muss ein HAENDLER1 oder HAENDLER2 sein.'\n  },\n  {\n    keyword: 'errorMessage',\n    dataPath: '/datum',\n    schemaPath: '#/errorMessage',\n    params: {\n      errors: [\n        {\n          keyword: 'format',\n          dataPath: '/datum',\n          schemaPath: '#/properties/datum/format',\n          params: [Object],\n          message: 'should match format \"date\"',\n          emUsed: true\n        },\n        [length]: 1\n      ]\n    },\n    message: 'Das Datum muss im Format yyyy-MM-dd sein.'\n  },\n  {\n    keyword: 'errorMessage',\n    dataPath: '/zertifizierung',\n    schemaPath: '#/errorMessage',\n    params: {\n      errors: [\n        {\n          keyword: 'pattern',\n          dataPath: '/zertifizierung',\n          schemaPath: '#/properties/zertifizierung/pattern',\n          params: [Object],\n          message: 'should match pattern \"^(?:ISGN(?:-1[03])?:? )?(?=[0-9X]{10}$|(?=(?:[0-9]+[- ]){3})[- 0-9X]{13}$|97[89][0-9]{10}$|(?=(?:[0-9]+[- ]){4})[- 0-9]{17}$)(?:97[89][- ]?)?[0-9]{1,5}[- ]?[0-9]+[- ]?[0-9]+[- ]?[0-9X]*\"',\n          emUsed: true\n        },\n        [length]: 1\n      ]\n    },\n    message: 'Die Zertifizierungsnummer ist nicht korrekt.'\n  },\n  [length]: 6\n]","timestamp":"2021-04-26T13:41:16.368Z"}
{"level":"debug","message":"validateGemaelde: errorMsg={\n  '': 'should NOT have additional properties',\n  bewertung: 'Eine Bewertung muss zwischen AAA und C liegen',\n  art: 'Die Art eines Gemaelde muss ein OELGEMAELDE, SIEBDRUCK oder WASSERFARBENGEMAELDE sein.',\n  haendler: 'Der Haendler eines Gemaeldes muss ein HAENDLER1 oder HAENDLER2 sein.',\n  datum: 'Das Datum muss im Format yyyy-MM-dd sein.',\n  zertifizierung: 'Die Zertifizierungsnummer ist nicht korrekt.'\n}","timestamp":"2021-04-26T13:41:16.369Z"}
{"level":"debug","message":"GemaeldeRequestHandler.handleValidationError(): msg={\n  '': 'should NOT have additional properties',\n  bewertung: 'Eine Bewertung muss zwischen AAA und C liegen',\n  art: 'Die Art eines Gemaelde muss ein OELGEMAELDE, SIEBDRUCK oder WASSERFARBENGEMAELDE sein.',\n  haendler: 'Der Haendler eines Gemaeldes muss ein HAENDLER1 oder HAENDLER2 sein.',\n  datum: 'Das Datum muss im Format yyyy-MM-dd sein.',\n  zertifizierung: 'Die Zertifizierungsnummer ist nicht korrekt.'\n}","timestamp":"2021-04-26T13:41:16.370Z"}
{"level":"debug","message":"Response time: 21.7149 ms","timestamp":"2021-04-26T13:41:16.371Z"}
{"level":"debug","message":"Request: headers={\n  'content-type': 'application/x-www-form-urlencoded',\n  accept: '*/*',\n  'content-length': '25',\n  'user-agent': 'node-fetch/1.0 (+https://github.com/bitinn/node-fetch)',\n  'accept-encoding': 'gzip,deflate',\n  host: 'desktop-cuo9s6a:57241',\n  connection: 'close'\n}","timestamp":"2021-04-26T13:41:16.387Z"}
{"level":"debug","message":"Request: protocol=https","timestamp":"2021-04-26T13:41:16.388Z"}
{"level":"debug","message":"Request: hostname=desktop-cuo9s6a","timestamp":"2021-04-26T13:41:16.389Z"}
{"level":"debug","message":"Request: body=undefined","timestamp":"2021-04-26T13:41:16.390Z"}
{"level":"debug","message":"user: {\n  id: '20000000-0000-0000-0000-000000000001',\n  username: 'admin',\n  password: '$2b$10$YTg4.iW.FPRqHExVLRf05Ob/z/BQqjUxJgncct2TgxGBjl4cCUNGS',\n  email: 'admin@acme.com',\n  roles: [ 'admin', 'mitarbeiter', 'abteilungsleiter', 'kunde', [length]: 4 ]\n}","timestamp":"2021-04-26T13:41:16.409Z"}
{"level":"debug","message":"AuthService.checkPassword(): true","timestamp":"2021-04-26T13:41:16.468Z"}
{"level":"debug","message":"AuthService.login(): result={\n  token: 'eyJhbGciOiJSUzI1NiIsInR5cCI6IkpXVCJ9.eyJpYXQiOjE2MTk0NDQ0NzYsImV4cCI6MTYxOTUzMDg3NiwiaXNzIjoiaHR0cHM6Ly9hY21lLmNvbS9zaG9wL0p1ZXJnZW5aaW1tZXJtYW5uIiwic3ViIjoiMjAwMDAwMDAtMDAwMC0wMDAwLTAwMDAtMDAwMDAwMDAwMDAxIiwianRpIjoiMWI2MTE0MmQtZjU5OC00NDg5LWE3NDEtNjFjNjI3Y2YxY2Q5In0.ijB8MU42HHXHLJ9t3IMnMadFG5YrkvK0n0oSU32q-Fig8KXxZ5Zax6Q8wWJjY9y1y3f1mjR7C8i84i4QXJQAy6RoIRwI47YQsUpLZaLDwezCcB8EnATahYhBhDOcYx-qO7zWgQt2Y5xYOvaUqQCEvv0NE_b9UK0JTXT7RypYSrNqLl4kWRgOEMdHIb0V91QgtIpCFjT3h02qzG2Ud-LCm_LoIzi9r2ouSLb3NbZRvLzwzCkuGxzVuXzmDtvaW7S2VE6XsSVRxMQuNs1WWH8U-FKwaVsvohdzKC4ru7BftpNCH9W5jJaX2zRWD8WWqbeAyQVJa1FMdLK-ET-F4HgfwA',\n  expiresIn: '1d',\n  roles: [ 'admin', 'mitarbeiter', 'abteilungsleiter', 'kunde', [length]: 4 ]\n}","timestamp":"2021-04-26T13:41:16.470Z"}
{"level":"debug","message":"AuthRequestHandler.login(): {\n  token: 'eyJhbGciOiJSUzI1NiIsInR5cCI6IkpXVCJ9.eyJpYXQiOjE2MTk0NDQ0NzYsImV4cCI6MTYxOTUzMDg3NiwiaXNzIjoiaHR0cHM6Ly9hY21lLmNvbS9zaG9wL0p1ZXJnZW5aaW1tZXJtYW5uIiwic3ViIjoiMjAwMDAwMDAtMDAwMC0wMDAwLTAwMDAtMDAwMDAwMDAwMDAxIiwianRpIjoiMWI2MTE0MmQtZjU5OC00NDg5LWE3NDEtNjFjNjI3Y2YxY2Q5In0.ijB8MU42HHXHLJ9t3IMnMadFG5YrkvK0n0oSU32q-Fig8KXxZ5Zax6Q8wWJjY9y1y3f1mjR7C8i84i4QXJQAy6RoIRwI47YQsUpLZaLDwezCcB8EnATahYhBhDOcYx-qO7zWgQt2Y5xYOvaUqQCEvv0NE_b9UK0JTXT7RypYSrNqLl4kWRgOEMdHIb0V91QgtIpCFjT3h02qzG2Ud-LCm_LoIzi9r2ouSLb3NbZRvLzwzCkuGxzVuXzmDtvaW7S2VE6XsSVRxMQuNs1WWH8U-FKwaVsvohdzKC4ru7BftpNCH9W5jJaX2zRWD8WWqbeAyQVJa1FMdLK-ET-F4HgfwA',\n  expiresIn: '1d',\n  roles: [ 'admin', 'mitarbeiter', 'abteilungsleiter', 'kunde', [length]: 4 ]\n}","timestamp":"2021-04-26T13:41:16.471Z"}
{"level":"debug","message":"Response time: 65.19579999999999 ms","timestamp":"2021-04-26T13:41:16.472Z"}
{"level":"debug","message":"Request: headers={\n  authorization: 'Bearer eyJhbGciOiJSUzI1NiIsInR5cCI6IkpXVCJ9.eyJpYXQiOjE2MTk0NDQ0NzYsImV4cCI6MTYxOTUzMDg3NiwiaXNzIjoiaHR0cHM6Ly9hY21lLmNvbS9zaG9wL0p1ZXJnZW5aaW1tZXJtYW5uIiwic3ViIjoiMjAwMDAwMDAtMDAwMC0wMDAwLTAwMDAtMDAwMDAwMDAwMDAxIiwianRpIjoiMWI2MTE0MmQtZjU5OC00NDg5LWE3NDEtNjFjNjI3Y2YxY2Q5In0.ijB8MU42HHXHLJ9t3IMnMadFG5YrkvK0n0oSU32q-Fig8KXxZ5Zax6Q8wWJjY9y1y3f1mjR7C8i84i4QXJQAy6RoIRwI47YQsUpLZaLDwezCcB8EnATahYhBhDOcYx-qO7zWgQt2Y5xYOvaUqQCEvv0NE_b9UK0JTXT7RypYSrNqLl4kWRgOEMdHIb0V91QgtIpCFjT3h02qzG2Ud-LCm_LoIzi9r2ouSLb3NbZRvLzwzCkuGxzVuXzmDtvaW7S2VE6XsSVRxMQuNs1WWH8U-FKwaVsvohdzKC4ru7BftpNCH9W5jJaX2zRWD8WWqbeAyQVJa1FMdLK-ET-F4HgfwA',\n  'content-type': 'application/json',\n  accept: '*/*',\n  'content-length': '236',\n  'user-agent': 'node-fetch/1.0 (+https://github.com/bitinn/node-fetch)',\n  'accept-encoding': 'gzip,deflate',\n  host: 'desktop-cuo9s6a:57241',\n  connection: 'close'\n}","timestamp":"2021-04-26T13:41:16.485Z"}
{"level":"debug","message":"Request: protocol=https","timestamp":"2021-04-26T13:41:16.486Z"}
{"level":"debug","message":"Request: hostname=desktop-cuo9s6a","timestamp":"2021-04-26T13:41:16.487Z"}
{"level":"debug","message":"Request: body=undefined","timestamp":"2021-04-26T13:41:16.488Z"}
{"message":"SharedRequestHandler.validateUUID(): isUUID","level":"debug","timestamp":"2021-04-26T13:41:16.505Z"}
{"level":"debug","message":"AuthService.validateJwt(): Der JWT-Token wurde decodiert: {\n  iat: 1619444476,\n  exp: 1619530876,\n  iss: 'https://acme.com/shop/JuergenZimmermann',\n  sub: '20000000-0000-0000-0000-000000000001',\n  jti: '1b61142d-f598-4489-a741-61c627cf1cd9'\n}","timestamp":"2021-04-26T13:41:16.507Z"}
{"level":"debug","message":"AuthService.validateJwt(): sub=20000000-0000-0000-0000-000000000001","timestamp":"2021-04-26T13:41:16.508Z"}
{"message":"AuthRequestHandler.validateJwt(): ok","level":"debug","timestamp":"2021-04-26T13:41:16.508Z"}
{"level":"debug","message":"Rollen = [ 'admin', 'mitarbeiter', [length]: 2 ]","timestamp":"2021-04-26T13:41:16.509Z"}
{"level":"debug","message":"RolesService.getNormalizedRoles(): [ 'admin', 'mitarbeiter', [length]: 2 ]","timestamp":"2021-04-26T13:41:16.510Z"}
{"level":"debug","message":"AuthService.hasAnyRole(): true","timestamp":"2021-04-26T13:41:16.510Z"}
{"message":"AuthRequestHandler.hasRolle(): ok","level":"debug","timestamp":"2021-04-26T13:41:16.511Z"}
{"message":"AuthRequestHandler.isAdminMitarbeiter(): ok","level":"debug","timestamp":"2021-04-26T13:41:16.512Z"}
{"message":"SharedRequestHandler.validateContentType(): ok","level":"debug","timestamp":"2021-04-26T13:41:16.513Z"}
{"level":"debug","message":"GemaeldeRequestHandler.update(): id=00000000-0000-0000-0000-000000000003","timestamp":"2021-04-26T13:41:16.514Z"}
{"level":"debug","message":"GemaeldeRequestHandler.getVersionHeader() versionHeader=undefined","timestamp":"2021-04-26T13:41:16.515Z"}
{"0":"V","1":"e","2":"r","3":"s","4":"i","5":"o","6":"n","7":"s","8":"n","9":"u","10":"m","11":"m","12":"e","13":"r","14":" ","15":"f","16":"e","17":"h","18":"l","19":"t","level":"debug","message":"GemaeldeRequestHandler.getVersionHeader(): status=428, message=","timestamp":"2021-04-26T13:41:16.516Z"}
{"level":"debug","message":"Response time: 12.4462 ms","timestamp":"2021-04-26T13:41:16.517Z"}
{"level":"debug","message":"Request: headers={\n  'content-type': 'application/x-www-form-urlencoded',\n  accept: '*/*',\n  'content-length': '25',\n  'user-agent': 'node-fetch/1.0 (+https://github.com/bitinn/node-fetch)',\n  'accept-encoding': 'gzip,deflate',\n  host: 'desktop-cuo9s6a:57241',\n  connection: 'close'\n}","timestamp":"2021-04-26T13:41:16.530Z"}
{"level":"debug","message":"Request: protocol=https","timestamp":"2021-04-26T13:41:16.531Z"}
{"level":"debug","message":"Request: hostname=desktop-cuo9s6a","timestamp":"2021-04-26T13:41:16.532Z"}
{"level":"debug","message":"Request: body=undefined","timestamp":"2021-04-26T13:41:16.533Z"}
{"level":"debug","message":"user: {\n  id: '20000000-0000-0000-0000-000000000001',\n  username: 'admin',\n  password: '$2b$10$YTg4.iW.FPRqHExVLRf05Ob/z/BQqjUxJgncct2TgxGBjl4cCUNGS',\n  email: 'admin@acme.com',\n  roles: [ 'admin', 'mitarbeiter', 'abteilungsleiter', 'kunde', [length]: 4 ]\n}","timestamp":"2021-04-26T13:41:16.553Z"}
{"level":"debug","message":"AuthService.checkPassword(): true","timestamp":"2021-04-26T13:41:16.612Z"}
{"level":"debug","message":"AuthService.login(): result={\n  token: 'eyJhbGciOiJSUzI1NiIsInR5cCI6IkpXVCJ9.eyJpYXQiOjE2MTk0NDQ0NzYsImV4cCI6MTYxOTUzMDg3NiwiaXNzIjoiaHR0cHM6Ly9hY21lLmNvbS9zaG9wL0p1ZXJnZW5aaW1tZXJtYW5uIiwic3ViIjoiMjAwMDAwMDAtMDAwMC0wMDAwLTAwMDAtMDAwMDAwMDAwMDAxIiwianRpIjoiMjI5ZDhjYTMtMGYyMi00OWZhLTk1Y2UtYzNmZmMwMjIxMWU4In0.ebTMUMBgIS6mE-IusS_D-RVxT4_nBYwLjIyn8c6_Lw8seVQox0KntLseZZRUVdzv2fpK4BIQOaMG4e76ItbjBlS3Aa69ASBO0J9NjibZyuK6JToX4iEAQlpSGVJs5UgZm-zGT1TjtqiGpoOOQ9GhWfd75CxJb3jdUmXRHsA-jT6ZJVBaVn-JOw30345YXQsaljczzXeTIFvE8Cbrk68A0p42kVF3WC-gp0YcgqnMfiafp68bX_5fKz_LQUL24l9hvS82uUocDUMNdweh83u6Rybqu5Lu4kOzFb7IQOGEZRUsxbK24ZkVCtUUUn4qqgnN8OmHPvAPivdS5sD4DUrsNw',\n  expiresIn: '1d',\n  roles: [ 'admin', 'mitarbeiter', 'abteilungsleiter', 'kunde', [length]: 4 ]\n}","timestamp":"2021-04-26T13:41:16.614Z"}
{"level":"debug","message":"AuthRequestHandler.login(): {\n  token: 'eyJhbGciOiJSUzI1NiIsInR5cCI6IkpXVCJ9.eyJpYXQiOjE2MTk0NDQ0NzYsImV4cCI6MTYxOTUzMDg3NiwiaXNzIjoiaHR0cHM6Ly9hY21lLmNvbS9zaG9wL0p1ZXJnZW5aaW1tZXJtYW5uIiwic3ViIjoiMjAwMDAwMDAtMDAwMC0wMDAwLTAwMDAtMDAwMDAwMDAwMDAxIiwianRpIjoiMjI5ZDhjYTMtMGYyMi00OWZhLTk1Y2UtYzNmZmMwMjIxMWU4In0.ebTMUMBgIS6mE-IusS_D-RVxT4_nBYwLjIyn8c6_Lw8seVQox0KntLseZZRUVdzv2fpK4BIQOaMG4e76ItbjBlS3Aa69ASBO0J9NjibZyuK6JToX4iEAQlpSGVJs5UgZm-zGT1TjtqiGpoOOQ9GhWfd75CxJb3jdUmXRHsA-jT6ZJVBaVn-JOw30345YXQsaljczzXeTIFvE8Cbrk68A0p42kVF3WC-gp0YcgqnMfiafp68bX_5fKz_LQUL24l9hvS82uUocDUMNdweh83u6Rybqu5Lu4kOzFb7IQOGEZRUsxbK24ZkVCtUUUn4qqgnN8OmHPvAPivdS5sD4DUrsNw',\n  expiresIn: '1d',\n  roles: [ 'admin', 'mitarbeiter', 'abteilungsleiter', 'kunde', [length]: 4 ]\n}","timestamp":"2021-04-26T13:41:16.615Z"}
{"level":"debug","message":"Response time: 66.6251 ms","timestamp":"2021-04-26T13:41:16.616Z"}
{"level":"debug","message":"Request: headers={\n  authorization: 'Bearer eyJhbGciOiJSUzI1NiIsInR5cCI6IkpXVCJ9.eyJpYXQiOjE2MTk0NDQ0NzYsImV4cCI6MTYxOTUzMDg3NiwiaXNzIjoiaHR0cHM6Ly9hY21lLmNvbS9zaG9wL0p1ZXJnZW5aaW1tZXJtYW5uIiwic3ViIjoiMjAwMDAwMDAtMDAwMC0wMDAwLTAwMDAtMDAwMDAwMDAwMDAxIiwianRpIjoiMjI5ZDhjYTMtMGYyMi00OWZhLTk1Y2UtYzNmZmMwMjIxMWU4In0.ebTMUMBgIS6mE-IusS_D-RVxT4_nBYwLjIyn8c6_Lw8seVQox0KntLseZZRUVdzv2fpK4BIQOaMG4e76ItbjBlS3Aa69ASBO0J9NjibZyuK6JToX4iEAQlpSGVJs5UgZm-zGT1TjtqiGpoOOQ9GhWfd75CxJb3jdUmXRHsA-jT6ZJVBaVn-JOw30345YXQsaljczzXeTIFvE8Cbrk68A0p42kVF3WC-gp0YcgqnMfiafp68bX_5fKz_LQUL24l9hvS82uUocDUMNdweh83u6Rybqu5Lu4kOzFb7IQOGEZRUsxbK24ZkVCtUUUn4qqgnN8OmHPvAPivdS5sD4DUrsNw',\n  'content-type': 'application/json',\n  'if-match': '\"-1\"',\n  accept: '*/*',\n  'content-length': '191',\n  'user-agent': 'node-fetch/1.0 (+https://github.com/bitinn/node-fetch)',\n  'accept-encoding': 'gzip,deflate',\n  host: 'desktop-cuo9s6a:57241',\n  connection: 'close'\n}","timestamp":"2021-04-26T13:41:16.629Z"}
{"level":"debug","message":"Request: protocol=https","timestamp":"2021-04-26T13:41:16.630Z"}
{"level":"debug","message":"Request: hostname=desktop-cuo9s6a","timestamp":"2021-04-26T13:41:16.631Z"}
{"level":"debug","message":"Request: body=undefined","timestamp":"2021-04-26T13:41:16.631Z"}
{"message":"SharedRequestHandler.validateUUID(): isUUID","level":"debug","timestamp":"2021-04-26T13:41:16.649Z"}
{"level":"debug","message":"AuthService.validateJwt(): Der JWT-Token wurde decodiert: {\n  iat: 1619444476,\n  exp: 1619530876,\n  iss: 'https://acme.com/shop/JuergenZimmermann',\n  sub: '20000000-0000-0000-0000-000000000001',\n  jti: '229d8ca3-0f22-49fa-95ce-c3ffc02211e8'\n}","timestamp":"2021-04-26T13:41:16.651Z"}
{"level":"debug","message":"AuthService.validateJwt(): sub=20000000-0000-0000-0000-000000000001","timestamp":"2021-04-26T13:41:16.651Z"}
{"message":"AuthRequestHandler.validateJwt(): ok","level":"debug","timestamp":"2021-04-26T13:41:16.652Z"}
{"level":"debug","message":"Rollen = [ 'admin', 'mitarbeiter', [length]: 2 ]","timestamp":"2021-04-26T13:41:16.653Z"}
{"level":"debug","message":"RolesService.getNormalizedRoles(): [ 'admin', 'mitarbeiter', [length]: 2 ]","timestamp":"2021-04-26T13:41:16.654Z"}
{"level":"debug","message":"AuthService.hasAnyRole(): true","timestamp":"2021-04-26T13:41:16.654Z"}
{"message":"AuthRequestHandler.hasRolle(): ok","level":"debug","timestamp":"2021-04-26T13:41:16.655Z"}
{"message":"AuthRequestHandler.isAdminMitarbeiter(): ok","level":"debug","timestamp":"2021-04-26T13:41:16.656Z"}
{"message":"SharedRequestHandler.validateContentType(): ok","level":"debug","timestamp":"2021-04-26T13:41:16.656Z"}
{"level":"debug","message":"GemaeldeRequestHandler.update(): id=00000000-0000-0000-0000-000000000003","timestamp":"2021-04-26T13:41:16.658Z"}
{"level":"debug","message":"GemaeldeRequestHandler.getVersionHeader() versionHeader=\"-1\"","timestamp":"2021-04-26T13:41:16.659Z"}
{"level":"debug","message":"GemaeldeRequestHandler.getVersionHeader(): version=-1","timestamp":"2021-04-26T13:41:16.659Z"}
{"level":"debug","message":"GemaeldeRequestHandler.update(): gemaelde={\n  titel: 'Veraltet',\n  art: 'OElGEMAELEDE',\n  verlag: 'HAENDLER1',\n  preis: 33.33,\n  lieferbar: true,\n  datum: '2016-02-03',\n  kuenstler: [ { nachname: 'Gamma', vorname: 'Claus' }, [length]: 1 ],\n  kategorien: [ 'Modern', [length]: 1 ],\n  _id: '00000000-0000-0000-0000-000000000003'\n}","timestamp":"2021-04-26T13:41:16.660Z"}
{"level":"debug","message":"GemaeldeService.update(): gemaelde={\n  titel: 'Veraltet',\n  art: 'OElGEMAELEDE',\n  verlag: 'HAENDLER1',\n  preis: 33.33,\n  lieferbar: true,\n  datum: '2016-02-03',\n  kuenstler: [ { nachname: 'Gamma', vorname: 'Claus' }, [length]: 1 ],\n  kategorien: [ 'Modern', [length]: 1 ],\n  _id: '00000000-0000-0000-0000-000000000003'\n}","timestamp":"2021-04-26T13:41:16.661Z"}
{"level":"debug","message":"GemaeldeService.update(): versionStr=-1","timestamp":"2021-04-26T13:41:16.662Z"}
{"level":"debug","message":"GemaeldeService.validateUpdate(): version=-1","timestamp":"2021-04-26T13:41:16.662Z"}
{"level":"debug","message":"GemaeldeService.validateUpdate(): gemaelde={\n  titel: 'Veraltet',\n  art: 'OElGEMAELEDE',\n  verlag: 'HAENDLER1',\n  preis: 33.33,\n  lieferbar: true,\n  datum: '2016-02-03',\n  kuenstler: [ { nachname: 'Gamma', vorname: 'Claus' }, [length]: 1 ],\n  kategorien: [ 'Modern', [length]: 1 ],\n  _id: '00000000-0000-0000-0000-000000000003'\n}","timestamp":"2021-04-26T13:41:16.663Z"}
{"level":"debug","message":"validateGemaelde: errors=[\n  {\n    keyword: 'required',\n    dataPath: '',\n    schemaPath: '#/required',\n    params: { missingProperty: 'haendler' },\n    message: \"should have required property 'haendler'\"\n  },\n  {\n    keyword: 'additionalProperties',\n    dataPath: '',\n    schemaPath: '#/additionalProperties',\n    params: { additionalProperty: 'verlag' },\n    message: 'should NOT have additional properties'\n  },\n  {\n    keyword: 'additionalProperties',\n    dataPath: '',\n    schemaPath: '#/additionalProperties',\n    params: { additionalProperty: 'preis' },\n    message: 'should NOT have additional properties'\n  },\n  {\n    keyword: 'additionalProperties',\n    dataPath: '',\n    schemaPath: '#/additionalProperties',\n    params: { additionalProperty: 'lieferbar' },\n    message: 'should NOT have additional properties'\n  },\n  {\n    keyword: 'errorMessage',\n    dataPath: '/art',\n    schemaPath: '#/errorMessage',\n    params: {\n      errors: [\n        {\n          keyword: 'enum',\n          dataPath: '/art',\n          schemaPath: '#/properties/art/enum',\n          params: [Object],\n          message: 'should be equal to one of the allowed values',\n          emUsed: true\n        },\n        [length]: 1\n      ]\n    },\n    message: 'Die Art eines Gemaelde muss ein OELGEMAELDE, SIEBDRUCK oder WASSERFARBENGEMAELDE sein.'\n  },\n  [length]: 5\n]","timestamp":"2021-04-26T13:41:16.664Z"}
{"level":"debug","message":"validateGemaelde: errorMsg={\n  '': 'should NOT have additional properties',\n  art: 'Die Art eines Gemaelde muss ein OELGEMAELDE, SIEBDRUCK oder WASSERFARBENGEMAELDE sein.'\n}","timestamp":"2021-04-26T13:41:16.665Z"}
{"level":"debug","message":"GemaeldeRequestHandler.handleValidationError(): msg={\n  '': 'should NOT have additional properties',\n  art: 'Die Art eines Gemaelde muss ein OELGEMAELDE, SIEBDRUCK oder WASSERFARBENGEMAELDE sein.'\n}","timestamp":"2021-04-26T13:41:16.666Z"}
{"level":"debug","message":"Response time: 18.601599999999998 ms","timestamp":"2021-04-26T13:41:16.667Z"}
{"level":"debug","message":"Request: headers={\n  'content-type': 'application/json',\n  'if-match': '\"0\"',\n  accept: '*/*',\n  'content-length': '236',\n  'user-agent': 'node-fetch/1.0 (+https://github.com/bitinn/node-fetch)',\n  'accept-encoding': 'gzip,deflate',\n  host: 'desktop-cuo9s6a:57241',\n  connection: 'close'\n}","timestamp":"2021-04-26T13:41:16.681Z"}
{"level":"debug","message":"Request: protocol=https","timestamp":"2021-04-26T13:41:16.682Z"}
{"level":"debug","message":"Request: hostname=desktop-cuo9s6a","timestamp":"2021-04-26T13:41:16.683Z"}
{"level":"debug","message":"Request: body=undefined","timestamp":"2021-04-26T13:41:16.684Z"}
{"message":"SharedRequestHandler.validateUUID(): isUUID","level":"debug","timestamp":"2021-04-26T13:41:16.700Z"}
{"level":"debug","message":"AuthRequestHandler.validateJwt(): 401: NoTokenError, Es gibt keinen Token","timestamp":"2021-04-26T13:41:16.702Z"}
{"level":"debug","message":"Response time: 3.8053999999999997 ms","timestamp":"2021-04-26T13:41:16.703Z"}
{"level":"debug","message":"Request: headers={\n  authorization: 'Bearer FALSCH',\n  'content-type': 'application/json',\n  'if-match': '\"0\"',\n  accept: '*/*',\n  'content-length': '236',\n  'user-agent': 'node-fetch/1.0 (+https://github.com/bitinn/node-fetch)',\n  'accept-encoding': 'gzip,deflate',\n  host: 'desktop-cuo9s6a:57241',\n  connection: 'close'\n}","timestamp":"2021-04-26T13:41:16.720Z"}
{"level":"debug","message":"Request: protocol=https","timestamp":"2021-04-26T13:41:16.721Z"}
{"level":"debug","message":"Request: hostname=desktop-cuo9s6a","timestamp":"2021-04-26T13:41:16.722Z"}
{"level":"debug","message":"Request: body=undefined","timestamp":"2021-04-26T13:41:16.723Z"}
{"message":"SharedRequestHandler.validateUUID(): isUUID","level":"debug","timestamp":"2021-04-26T13:41:16.739Z"}
{"level":"debug","message":"AuthRequestHandler.validateJwt(): 401: JsonWebTokenError, jwt malformed","timestamp":"2021-04-26T13:41:16.740Z"}
{"level":"debug","message":"Response time: 3.0212 ms","timestamp":"2021-04-26T13:41:16.741Z"}
