{"level":"debug","message":"Response time: 216.1379 ms","timestamp":"2021-04-26T13:03:17.508Z"}
{"level":"debug","message":"Request: headers={\n  'user-agent': 'vscode-restclient',\n  'content-type': 'application/json',\n  authorization: 'Bearer eyJhbGciOiJSUzI1NiIsInR5cCI6IkpXVCJ9.eyJpYXQiOjE2MTk0NDIxODcsImV4cCI6MTYxOTUyODU4NywiaXNzIjoiaHR0cHM6Ly9hY21lLmNvbS9zaG9wL0p1ZXJnZW5aaW1tZXJtYW5uIiwic3ViIjoiMjAwMDAwMDAtMDAwMC0wMDAwLTAwMDAtMDAwMDAwMDAwMDAxIiwianRpIjoiYzk2ODllYjctZTI4NS00NTZmLTllMzAtMjVlNmU2MTM0NjIyIn0.KsZzJSJHYycGz4N6XNHoaccuOtdq1lH-JfI_ps8qBsFVZfp7Q-zemLb1RhUOPCmC-Z6NC56hO2XSiaz6lwvS9vgcdq2Q7PkYWOieI0cPOdvLF6LIogxbKaJVAeyIRjcga95W8-l3_YOY0c8WNkyQ9P4JSm9scESi4yPE1HxFUeZyT-6_F3RAcXzJrpHc0-VcR2oUElvJC6bSLsH9L5O2_B8ufCBQmHbrrdD1YSYZxAecZpxAk_dnoDxkL9LW-OqLLAcZHpvaCNHzdcm2Poory-Jfal9f_6favmpL0jwIpHeo6751b2cQiJPrJE3wKb2HWInoCdAGROy_63AyIVrDzg',\n  'if-match': '\"0\"',\n  'accept-encoding': 'gzip, deflate',\n  'content-length': '308',\n  host: 'localhost:3000',\n  connection: 'close'\n}","timestamp":"2021-04-26T13:03:40.590Z"}
{"level":"debug","message":"Request: protocol=https","timestamp":"2021-04-26T13:03:40.590Z"}
{"level":"debug","message":"Request: hostname=localhost","timestamp":"2021-04-26T13:03:40.590Z"}
{"level":"debug","message":"Request: body=undefined","timestamp":"2021-04-26T13:03:40.590Z"}
{"message":"SharedRequestHandler.validateUUID(): isUUID","level":"debug","timestamp":"2021-04-26T13:03:40.592Z"}
{"level":"debug","message":"AuthService.validateJwt(): Der JWT-Token wurde decodiert: {\n  iat: 1619442187,\n  exp: 1619528587,\n  iss: 'https://acme.com/shop/JuergenZimmermann',\n  sub: '20000000-0000-0000-0000-000000000001',\n  jti: 'c9689eb7-e285-456f-9e30-25e6e6134622'\n}","timestamp":"2021-04-26T13:03:40.594Z"}
{"level":"debug","message":"AuthService.validateJwt(): sub=20000000-0000-0000-0000-000000000001","timestamp":"2021-04-26T13:03:40.594Z"}
{"message":"AuthRequestHandler.validateJwt(): ok","level":"debug","timestamp":"2021-04-26T13:03:40.594Z"}
{"level":"debug","message":"Rollen = [ 'admin', 'mitarbeiter', [length]: 2 ]","timestamp":"2021-04-26T13:03:40.594Z"}
{"level":"debug","message":"RolesService.getNormalizedRoles(): [ 'admin', 'mitarbeiter', [length]: 2 ]","timestamp":"2021-04-26T13:03:40.595Z"}
{"level":"debug","message":"AuthService.hasAnyRole(): true","timestamp":"2021-04-26T13:03:40.595Z"}
{"message":"AuthRequestHandler.hasRolle(): ok","level":"debug","timestamp":"2021-04-26T13:03:40.595Z"}
{"message":"AuthRequestHandler.isAdminMitarbeiter(): ok","level":"debug","timestamp":"2021-04-26T13:03:40.595Z"}
{"message":"SharedRequestHandler.validateContentType(): ok","level":"debug","timestamp":"2021-04-26T13:03:40.595Z"}
{"level":"debug","message":"GemaeldeRequestHandler.update(): id=00000000-0000-0000-0000-000000000003","timestamp":"2021-04-26T13:03:40.596Z"}
{"level":"debug","message":"GemaeldeRequestHandler.getVersionHeader() versionHeader=\"0\"","timestamp":"2021-04-26T13:03:40.596Z"}
{"level":"debug","message":"GemaeldeRequestHandler.getVersionHeader(): version=0","timestamp":"2021-04-26T13:03:40.597Z"}
{"level":"debug","message":"GemaeldeRequestHandler.update(): gemaelde={\n  titel: 'MonaLisa',\n  art: 'OElGEMAELEDE',\n  haendler: 'HAENDLER1',\n  bewertung: 'AAA',\n  wert: 56.1,\n  ausgestellt: true,\n  beschreibung: 'Schön',\n  kategorien: [ 'Renaissance', [length]: 1 ],\n  kuenstler: [ { nachname: 'Leonardo', vorname: 'Vinci' }, [length]: 1 ],\n  _id: '00000000-0000-0000-0000-000000000003'\n}","timestamp":"2021-04-26T13:03:40.597Z"}
{"level":"debug","message":"GemaeldeService.update(): gemaelde={\n  titel: 'MonaLisa',\n  art: 'OElGEMAELEDE',\n  haendler: 'HAENDLER1',\n  bewertung: 'AAA',\n  wert: 56.1,\n  ausgestellt: true,\n  beschreibung: 'Schön',\n  kategorien: [ 'Renaissance', [length]: 1 ],\n  kuenstler: [ { nachname: 'Leonardo', vorname: 'Vinci' }, [length]: 1 ],\n  _id: '00000000-0000-0000-0000-000000000003'\n}","timestamp":"2021-04-26T13:03:40.597Z"}
{"level":"debug","message":"GemaeldeService.update(): versionStr=0","timestamp":"2021-04-26T13:03:40.597Z"}
{"level":"debug","message":"GemaeldeService.validateUpdate(): version=0","timestamp":"2021-04-26T13:03:40.597Z"}
{"level":"debug","message":"GemaeldeService.validateUpdate(): gemaelde={\n  titel: 'MonaLisa',\n  art: 'OElGEMAELEDE',\n  haendler: 'HAENDLER1',\n  bewertung: 'AAA',\n  wert: 56.1,\n  ausgestellt: true,\n  beschreibung: 'Schön',\n  kategorien: [ 'Renaissance', [length]: 1 ],\n  kuenstler: [ { nachname: 'Leonardo', vorname: 'Vinci' }, [length]: 1 ],\n  _id: '00000000-0000-0000-0000-000000000003'\n}","timestamp":"2021-04-26T13:03:40.597Z"}
{"level":"debug","message":"validateGemaelde: errors=[\n  {\n    keyword: 'errorMessage',\n    dataPath: '/art',\n    schemaPath: '#/errorMessage',\n    params: {\n      errors: [\n        {\n          keyword: 'enum',\n          dataPath: '/art',\n          schemaPath: '#/properties/art/enum',\n          params: [Object],\n          message: 'should be equal to one of the allowed values',\n          emUsed: true\n        },\n        [length]: 1\n      ]\n    },\n    message: 'Die Art eines Gemaelde muss ein OELGEMAELDE, SIEBDRUCK oder WASSERFARBENGEMAELDE sein.'\n  },\n  [length]: 1\n]","timestamp":"2021-04-26T13:03:40.611Z"}
{"level":"debug","message":"validateGemaelde: errorMsg={\n  art: 'Die Art eines Gemaelde muss ein OELGEMAELDE, SIEBDRUCK oder WASSERFARBENGEMAELDE sein.'\n}","timestamp":"2021-04-26T13:03:40.611Z"}
{"level":"debug","message":"GemaeldeRequestHandler.handleValidationError(): msg={\n  art: 'Die Art eines Gemaelde muss ein OELGEMAELDE, SIEBDRUCK oder WASSERFARBENGEMAELDE sein.'\n}","timestamp":"2021-04-26T13:03:40.611Z"}
{"level":"debug","message":"Response time: 20.3772 ms","timestamp":"2021-04-26T13:03:40.612Z"}
{"level":"debug","message":"Request: headers={\n  'user-agent': 'vscode-restclient',\n  'content-type': 'application/json',\n  authorization: 'Bearer eyJhbGciOiJSUzI1NiIsInR5cCI6IkpXVCJ9.eyJpYXQiOjE2MTk0NDIxODcsImV4cCI6MTYxOTUyODU4NywiaXNzIjoiaHR0cHM6Ly9hY21lLmNvbS9zaG9wL0p1ZXJnZW5aaW1tZXJtYW5uIiwic3ViIjoiMjAwMDAwMDAtMDAwMC0wMDAwLTAwMDAtMDAwMDAwMDAwMDAxIiwianRpIjoiYzk2ODllYjctZTI4NS00NTZmLTllMzAtMjVlNmU2MTM0NjIyIn0.KsZzJSJHYycGz4N6XNHoaccuOtdq1lH-JfI_ps8qBsFVZfp7Q-zemLb1RhUOPCmC-Z6NC56hO2XSiaz6lwvS9vgcdq2Q7PkYWOieI0cPOdvLF6LIogxbKaJVAeyIRjcga95W8-l3_YOY0c8WNkyQ9P4JSm9scESi4yPE1HxFUeZyT-6_F3RAcXzJrpHc0-VcR2oUElvJC6bSLsH9L5O2_B8ufCBQmHbrrdD1YSYZxAecZpxAk_dnoDxkL9LW-OqLLAcZHpvaCNHzdcm2Poory-Jfal9f_6favmpL0jwIpHeo6751b2cQiJPrJE3wKb2HWInoCdAGROy_63AyIVrDzg',\n  'if-match': '\"0\"',\n  'accept-encoding': 'gzip, deflate',\n  'content-length': '307',\n  host: 'localhost:3000',\n  connection: 'close'\n}","timestamp":"2021-04-26T13:04:02.945Z"}
{"level":"debug","message":"Request: protocol=https","timestamp":"2021-04-26T13:04:02.945Z"}
{"level":"debug","message":"Request: hostname=localhost","timestamp":"2021-04-26T13:04:02.945Z"}
{"level":"debug","message":"Request: body=undefined","timestamp":"2021-04-26T13:04:02.945Z"}
{"message":"SharedRequestHandler.validateUUID(): isUUID","level":"debug","timestamp":"2021-04-26T13:04:02.947Z"}
{"level":"debug","message":"AuthService.validateJwt(): Der JWT-Token wurde decodiert: {\n  iat: 1619442187,\n  exp: 1619528587,\n  iss: 'https://acme.com/shop/JuergenZimmermann',\n  sub: '20000000-0000-0000-0000-000000000001',\n  jti: 'c9689eb7-e285-456f-9e30-25e6e6134622'\n}","timestamp":"2021-04-26T13:04:02.948Z"}
{"level":"debug","message":"AuthService.validateJwt(): sub=20000000-0000-0000-0000-000000000001","timestamp":"2021-04-26T13:04:02.948Z"}
{"message":"AuthRequestHandler.validateJwt(): ok","level":"debug","timestamp":"2021-04-26T13:04:02.948Z"}
{"level":"debug","message":"Rollen = [ 'admin', 'mitarbeiter', [length]: 2 ]","timestamp":"2021-04-26T13:04:02.948Z"}
{"level":"debug","message":"RolesService.getNormalizedRoles(): [ 'admin', 'mitarbeiter', [length]: 2 ]","timestamp":"2021-04-26T13:04:02.948Z"}
{"level":"debug","message":"AuthService.hasAnyRole(): true","timestamp":"2021-04-26T13:04:02.948Z"}
{"message":"AuthRequestHandler.hasRolle(): ok","level":"debug","timestamp":"2021-04-26T13:04:02.948Z"}
{"message":"AuthRequestHandler.isAdminMitarbeiter(): ok","level":"debug","timestamp":"2021-04-26T13:04:02.948Z"}
{"message":"SharedRequestHandler.validateContentType(): ok","level":"debug","timestamp":"2021-04-26T13:04:02.948Z"}
{"level":"debug","message":"GemaeldeRequestHandler.update(): id=00000000-0000-0000-0000-000000000003","timestamp":"2021-04-26T13:04:02.949Z"}
{"level":"debug","message":"GemaeldeRequestHandler.getVersionHeader() versionHeader=\"0\"","timestamp":"2021-04-26T13:04:02.949Z"}
{"level":"debug","message":"GemaeldeRequestHandler.getVersionHeader(): version=0","timestamp":"2021-04-26T13:04:02.949Z"}
{"level":"debug","message":"GemaeldeRequestHandler.update(): gemaelde={\n  titel: 'MonaLisa',\n  art: 'OELGEMAELDE',\n  haendler: 'HAENDLER1',\n  bewertung: 'AAA',\n  wert: 56.1,\n  ausgestellt: true,\n  beschreibung: 'Schön',\n  kategorien: [ 'Renaissance', [length]: 1 ],\n  kuenstler: [ { nachname: 'Leonardo', vorname: 'Vinci' }, [length]: 1 ],\n  _id: '00000000-0000-0000-0000-000000000003'\n}","timestamp":"2021-04-26T13:04:02.949Z"}
{"level":"debug","message":"GemaeldeService.update(): gemaelde={\n  titel: 'MonaLisa',\n  art: 'OELGEMAELDE',\n  haendler: 'HAENDLER1',\n  bewertung: 'AAA',\n  wert: 56.1,\n  ausgestellt: true,\n  beschreibung: 'Schön',\n  kategorien: [ 'Renaissance', [length]: 1 ],\n  kuenstler: [ { nachname: 'Leonardo', vorname: 'Vinci' }, [length]: 1 ],\n  _id: '00000000-0000-0000-0000-000000000003'\n}","timestamp":"2021-04-26T13:04:02.949Z"}
{"level":"debug","message":"GemaeldeService.update(): versionStr=0","timestamp":"2021-04-26T13:04:02.950Z"}
{"level":"debug","message":"GemaeldeService.validateUpdate(): version=0","timestamp":"2021-04-26T13:04:02.950Z"}
{"level":"debug","message":"GemaeldeService.validateUpdate(): gemaelde={\n  titel: 'MonaLisa',\n  art: 'OELGEMAELDE',\n  haendler: 'HAENDLER1',\n  bewertung: 'AAA',\n  wert: 56.1,\n  ausgestellt: true,\n  beschreibung: 'Schön',\n  kategorien: [ 'Renaissance', [length]: 1 ],\n  kuenstler: [ { nachname: 'Leonardo', vorname: 'Vinci' }, [length]: 1 ],\n  _id: '00000000-0000-0000-0000-000000000003'\n}","timestamp":"2021-04-26T13:04:02.950Z"}
{"level":"debug","message":"validateGemaelde: errors=[ [length]: 0 ]","timestamp":"2021-04-26T13:04:02.950Z"}
{"level":"debug","message":"validateGemaelde: errorMsg={}","timestamp":"2021-04-26T13:04:02.950Z"}
{"level":"debug","message":"GemaeldeService.checkTitelExists(): _id=00000000-0000-0000-0000-000000000002","timestamp":"2021-04-26T13:04:02.963Z"}
{"level":"debug","message":"GemaeldeRequestHandler.handleTitelExists(): msg=Der Titel \"MonaLisa\" existiert bereits bei 00000000-0000-0000-0000-000000000002.","timestamp":"2021-04-26T13:04:02.963Z"}
{"level":"debug","message":"Response time: 16.931 ms","timestamp":"2021-04-26T13:04:02.963Z"}
{"level":"debug","message":"Request: headers={\n  'user-agent': 'vscode-restclient',\n  'content-type': 'application/json',\n  authorization: 'Bearer eyJhbGciOiJSUzI1NiIsInR5cCI6IkpXVCJ9.eyJpYXQiOjE2MTk0NDIxODcsImV4cCI6MTYxOTUyODU4NywiaXNzIjoiaHR0cHM6Ly9hY21lLmNvbS9zaG9wL0p1ZXJnZW5aaW1tZXJtYW5uIiwic3ViIjoiMjAwMDAwMDAtMDAwMC0wMDAwLTAwMDAtMDAwMDAwMDAwMDAxIiwianRpIjoiYzk2ODllYjctZTI4NS00NTZmLTllMzAtMjVlNmU2MTM0NjIyIn0.KsZzJSJHYycGz4N6XNHoaccuOtdq1lH-JfI_ps8qBsFVZfp7Q-zemLb1RhUOPCmC-Z6NC56hO2XSiaz6lwvS9vgcdq2Q7PkYWOieI0cPOdvLF6LIogxbKaJVAeyIRjcga95W8-l3_YOY0c8WNkyQ9P4JSm9scESi4yPE1HxFUeZyT-6_F3RAcXzJrpHc0-VcR2oUElvJC6bSLsH9L5O2_B8ufCBQmHbrrdD1YSYZxAecZpxAk_dnoDxkL9LW-OqLLAcZHpvaCNHzdcm2Poory-Jfal9f_6favmpL0jwIpHeo6751b2cQiJPrJE3wKb2HWInoCdAGROy_63AyIVrDzg',\n  'if-match': '\"0\"',\n  'accept-encoding': 'gzip, deflate',\n  'content-length': '282',\n  host: 'localhost:3000',\n  connection: 'close'\n}","timestamp":"2021-04-26T13:04:34.044Z"}
{"level":"debug","message":"Request: protocol=https","timestamp":"2021-04-26T13:04:34.044Z"}
{"level":"debug","message":"Request: hostname=localhost","timestamp":"2021-04-26T13:04:34.044Z"}
{"level":"debug","message":"Request: body=undefined","timestamp":"2021-04-26T13:04:34.045Z"}
{"message":"SharedRequestHandler.validateUUID(): isUUID","level":"debug","timestamp":"2021-04-26T13:04:34.046Z"}
{"level":"debug","message":"AuthService.validateJwt(): Der JWT-Token wurde decodiert: {\n  iat: 1619442187,\n  exp: 1619528587,\n  iss: 'https://acme.com/shop/JuergenZimmermann',\n  sub: '20000000-0000-0000-0000-000000000001',\n  jti: 'c9689eb7-e285-456f-9e30-25e6e6134622'\n}","timestamp":"2021-04-26T13:04:34.047Z"}
{"level":"debug","message":"AuthService.validateJwt(): sub=20000000-0000-0000-0000-000000000001","timestamp":"2021-04-26T13:04:34.047Z"}
{"message":"AuthRequestHandler.validateJwt(): ok","level":"debug","timestamp":"2021-04-26T13:04:34.047Z"}
{"level":"debug","message":"Rollen = [ 'admin', 'mitarbeiter', [length]: 2 ]","timestamp":"2021-04-26T13:04:34.047Z"}
{"level":"debug","message":"RolesService.getNormalizedRoles(): [ 'admin', 'mitarbeiter', [length]: 2 ]","timestamp":"2021-04-26T13:04:34.047Z"}
{"level":"debug","message":"AuthService.hasAnyRole(): true","timestamp":"2021-04-26T13:04:34.047Z"}
{"message":"AuthRequestHandler.hasRolle(): ok","level":"debug","timestamp":"2021-04-26T13:04:34.047Z"}
{"message":"AuthRequestHandler.isAdminMitarbeiter(): ok","level":"debug","timestamp":"2021-04-26T13:04:34.047Z"}
{"message":"SharedRequestHandler.validateContentType(): ok","level":"debug","timestamp":"2021-04-26T13:04:34.047Z"}
{"level":"debug","message":"GemaeldeRequestHandler.update(): id=00000000-0000-0000-0000-000000000003","timestamp":"2021-04-26T13:04:34.048Z"}
{"level":"debug","message":"GemaeldeRequestHandler.getVersionHeader() versionHeader=\"0\"","timestamp":"2021-04-26T13:04:34.048Z"}
{"level":"debug","message":"GemaeldeRequestHandler.getVersionHeader(): version=0","timestamp":"2021-04-26T13:04:34.048Z"}
{"level":"debug","message":"GemaeldeRequestHandler.update(): gemaelde={\n  art: 'OELGEMAELDE',\n  haendler: 'HAENDLER1',\n  bewertung: 'AAA',\n  wert: 56.1,\n  ausgestellt: true,\n  beschreibung: 'Schön',\n  kategorien: [ 'Renaissance', [length]: 1 ],\n  kuenstler: [ { nachname: 'Leonardo', vorname: 'Vinci' }, [length]: 1 ],\n  _id: '00000000-0000-0000-0000-000000000003'\n}","timestamp":"2021-04-26T13:04:34.048Z"}
{"level":"debug","message":"GemaeldeService.update(): gemaelde={\n  art: 'OELGEMAELDE',\n  haendler: 'HAENDLER1',\n  bewertung: 'AAA',\n  wert: 56.1,\n  ausgestellt: true,\n  beschreibung: 'Schön',\n  kategorien: [ 'Renaissance', [length]: 1 ],\n  kuenstler: [ { nachname: 'Leonardo', vorname: 'Vinci' }, [length]: 1 ],\n  _id: '00000000-0000-0000-0000-000000000003'\n}","timestamp":"2021-04-26T13:04:34.048Z"}
{"level":"debug","message":"GemaeldeService.update(): versionStr=0","timestamp":"2021-04-26T13:04:34.048Z"}
{"level":"debug","message":"GemaeldeService.validateUpdate(): version=0","timestamp":"2021-04-26T13:04:34.048Z"}
{"level":"debug","message":"GemaeldeService.validateUpdate(): gemaelde={\n  art: 'OELGEMAELDE',\n  haendler: 'HAENDLER1',\n  bewertung: 'AAA',\n  wert: 56.1,\n  ausgestellt: true,\n  beschreibung: 'Schön',\n  kategorien: [ 'Renaissance', [length]: 1 ],\n  kuenstler: [ { nachname: 'Leonardo', vorname: 'Vinci' }, [length]: 1 ],\n  _id: '00000000-0000-0000-0000-000000000003'\n}","timestamp":"2021-04-26T13:04:34.048Z"}
{"level":"debug","message":"validateGemaelde: errors=[\n  {\n    keyword: 'required',\n    dataPath: '',\n    schemaPath: '#/required',\n    params: { missingProperty: 'titel' },\n    message: \"should have required property 'titel'\"\n  },\n  [length]: 1\n]","timestamp":"2021-04-26T13:04:34.049Z"}
{"level":"debug","message":"validateGemaelde: errorMsg={ '': \"should have required property 'titel'\" }","timestamp":"2021-04-26T13:04:34.049Z"}
{"level":"debug","message":"GemaeldeRequestHandler.handleValidationError(): msg={ '': \"should have required property 'titel'\" }","timestamp":"2021-04-26T13:04:34.049Z"}
{"level":"debug","message":"Response time: 4.0077 ms","timestamp":"2021-04-26T13:04:34.049Z"}
{"level":"debug","message":"Request: headers={\n  'user-agent': 'vscode-restclient',\n  'content-type': 'application/json',\n  authorization: 'Bearer eyJhbGciOiJSUzI1NiIsInR5cCI6IkpXVCJ9.eyJpYXQiOjE2MTk0NDIxODcsImV4cCI6MTYxOTUyODU4NywiaXNzIjoiaHR0cHM6Ly9hY21lLmNvbS9zaG9wL0p1ZXJnZW5aaW1tZXJtYW5uIiwic3ViIjoiMjAwMDAwMDAtMDAwMC0wMDAwLTAwMDAtMDAwMDAwMDAwMDAxIiwianRpIjoiYzk2ODllYjctZTI4NS00NTZmLTllMzAtMjVlNmU2MTM0NjIyIn0.KsZzJSJHYycGz4N6XNHoaccuOtdq1lH-JfI_ps8qBsFVZfp7Q-zemLb1RhUOPCmC-Z6NC56hO2XSiaz6lwvS9vgcdq2Q7PkYWOieI0cPOdvLF6LIogxbKaJVAeyIRjcga95W8-l3_YOY0c8WNkyQ9P4JSm9scESi4yPE1HxFUeZyT-6_F3RAcXzJrpHc0-VcR2oUElvJC6bSLsH9L5O2_B8ufCBQmHbrrdD1YSYZxAecZpxAk_dnoDxkL9LW-OqLLAcZHpvaCNHzdcm2Poory-Jfal9f_6favmpL0jwIpHeo6751b2cQiJPrJE3wKb2HWInoCdAGROy_63AyIVrDzg',\n  'if-match': '\"0\"',\n  'accept-encoding': 'gzip, deflate',\n  'content-length': '307',\n  host: 'localhost:3000',\n  connection: 'close'\n}","timestamp":"2021-04-26T13:04:57.261Z"}
{"level":"debug","message":"Request: protocol=https","timestamp":"2021-04-26T13:04:57.261Z"}
{"level":"debug","message":"Request: hostname=localhost","timestamp":"2021-04-26T13:04:57.261Z"}
{"level":"debug","message":"Request: body=undefined","timestamp":"2021-04-26T13:04:57.261Z"}
{"message":"SharedRequestHandler.validateUUID(): isUUID","level":"debug","timestamp":"2021-04-26T13:04:57.265Z"}
{"level":"debug","message":"AuthService.validateJwt(): Der JWT-Token wurde decodiert: {\n  iat: 1619442187,\n  exp: 1619528587,\n  iss: 'https://acme.com/shop/JuergenZimmermann',\n  sub: '20000000-0000-0000-0000-000000000001',\n  jti: 'c9689eb7-e285-456f-9e30-25e6e6134622'\n}","timestamp":"2021-04-26T13:04:57.265Z"}
{"level":"debug","message":"AuthService.validateJwt(): sub=20000000-0000-0000-0000-000000000001","timestamp":"2021-04-26T13:04:57.265Z"}
{"message":"AuthRequestHandler.validateJwt(): ok","level":"debug","timestamp":"2021-04-26T13:04:57.265Z"}
{"level":"debug","message":"Rollen = [ 'admin', 'mitarbeiter', [length]: 2 ]","timestamp":"2021-04-26T13:04:57.265Z"}
{"level":"debug","message":"RolesService.getNormalizedRoles(): [ 'admin', 'mitarbeiter', [length]: 2 ]","timestamp":"2021-04-26T13:04:57.266Z"}
{"level":"debug","message":"AuthService.hasAnyRole(): true","timestamp":"2021-04-26T13:04:57.266Z"}
{"message":"AuthRequestHandler.hasRolle(): ok","level":"debug","timestamp":"2021-04-26T13:04:57.266Z"}
{"message":"AuthRequestHandler.isAdminMitarbeiter(): ok","level":"debug","timestamp":"2021-04-26T13:04:57.266Z"}
{"message":"SharedRequestHandler.validateContentType(): ok","level":"debug","timestamp":"2021-04-26T13:04:57.266Z"}
{"level":"debug","message":"GemaeldeRequestHandler.update(): id=00000000-0000-0000-0000-000000000003","timestamp":"2021-04-26T13:04:57.267Z"}
{"level":"debug","message":"GemaeldeRequestHandler.getVersionHeader() versionHeader=\"0\"","timestamp":"2021-04-26T13:04:57.267Z"}
{"level":"debug","message":"GemaeldeRequestHandler.getVersionHeader(): version=0","timestamp":"2021-04-26T13:04:57.267Z"}
{"level":"debug","message":"GemaeldeRequestHandler.update(): gemaelde={\n  titel: 'MonaLisa',\n  art: 'OELGEMAELDE',\n  haendler: 'HAENDLER1',\n  bewertung: 'AAA',\n  wert: 56.1,\n  ausgestellt: true,\n  beschreibung: 'Schön',\n  kategorien: [ 'Renaissance', [length]: 1 ],\n  kuenstler: [ { nachname: 'Leonardo', vorname: 'Vinci' }, [length]: 1 ],\n  _id: '00000000-0000-0000-0000-000000000003'\n}","timestamp":"2021-04-26T13:04:57.267Z"}
{"level":"debug","message":"GemaeldeService.update(): gemaelde={\n  titel: 'MonaLisa',\n  art: 'OELGEMAELDE',\n  haendler: 'HAENDLER1',\n  bewertung: 'AAA',\n  wert: 56.1,\n  ausgestellt: true,\n  beschreibung: 'Schön',\n  kategorien: [ 'Renaissance', [length]: 1 ],\n  kuenstler: [ { nachname: 'Leonardo', vorname: 'Vinci' }, [length]: 1 ],\n  _id: '00000000-0000-0000-0000-000000000003'\n}","timestamp":"2021-04-26T13:04:57.267Z"}
{"level":"debug","message":"GemaeldeService.update(): versionStr=0","timestamp":"2021-04-26T13:04:57.267Z"}
{"level":"debug","message":"GemaeldeService.validateUpdate(): version=0","timestamp":"2021-04-26T13:04:57.267Z"}
{"level":"debug","message":"GemaeldeService.validateUpdate(): gemaelde={\n  titel: 'MonaLisa',\n  art: 'OELGEMAELDE',\n  haendler: 'HAENDLER1',\n  bewertung: 'AAA',\n  wert: 56.1,\n  ausgestellt: true,\n  beschreibung: 'Schön',\n  kategorien: [ 'Renaissance', [length]: 1 ],\n  kuenstler: [ { nachname: 'Leonardo', vorname: 'Vinci' }, [length]: 1 ],\n  _id: '00000000-0000-0000-0000-000000000003'\n}","timestamp":"2021-04-26T13:04:57.267Z"}
{"level":"debug","message":"validateGemaelde: errors=[ [length]: 0 ]","timestamp":"2021-04-26T13:04:57.268Z"}
{"level":"debug","message":"validateGemaelde: errorMsg={}","timestamp":"2021-04-26T13:04:57.268Z"}
{"level":"debug","message":"GemaeldeService.checkTitelExists(): _id=00000000-0000-0000-0000-000000000002","timestamp":"2021-04-26T13:04:57.271Z"}
{"level":"debug","message":"GemaeldeRequestHandler.handleTitelExists(): msg=Der Titel \"MonaLisa\" existiert bereits bei 00000000-0000-0000-0000-000000000002.","timestamp":"2021-04-26T13:04:57.271Z"}
{"level":"debug","message":"Response time: 8.8798 ms","timestamp":"2021-04-26T13:04:57.272Z"}
{"level":"debug","message":"Request: headers={\n  'user-agent': 'vscode-restclient',\n  'content-type': 'application/json',\n  authorization: 'Bearer eyJhbGciOiJSUzI1NiIsInR5cCI6IkpXVCJ9.eyJpYXQiOjE2MTk0NDIxODcsImV4cCI6MTYxOTUyODU4NywiaXNzIjoiaHR0cHM6Ly9hY21lLmNvbS9zaG9wL0p1ZXJnZW5aaW1tZXJtYW5uIiwic3ViIjoiMjAwMDAwMDAtMDAwMC0wMDAwLTAwMDAtMDAwMDAwMDAwMDAxIiwianRpIjoiYzk2ODllYjctZTI4NS00NTZmLTllMzAtMjVlNmU2MTM0NjIyIn0.KsZzJSJHYycGz4N6XNHoaccuOtdq1lH-JfI_ps8qBsFVZfp7Q-zemLb1RhUOPCmC-Z6NC56hO2XSiaz6lwvS9vgcdq2Q7PkYWOieI0cPOdvLF6LIogxbKaJVAeyIRjcga95W8-l3_YOY0c8WNkyQ9P4JSm9scESi4yPE1HxFUeZyT-6_F3RAcXzJrpHc0-VcR2oUElvJC6bSLsH9L5O2_B8ufCBQmHbrrdD1YSYZxAecZpxAk_dnoDxkL9LW-OqLLAcZHpvaCNHzdcm2Poory-Jfal9f_6favmpL0jwIpHeo6751b2cQiJPrJE3wKb2HWInoCdAGROy_63AyIVrDzg',\n  'if-match': '\"0\"',\n  'accept-encoding': 'gzip, deflate',\n  'content-length': '307',\n  host: 'localhost:3000',\n  connection: 'close'\n}","timestamp":"2021-04-26T13:05:05.881Z"}
{"level":"debug","message":"Request: protocol=https","timestamp":"2021-04-26T13:05:05.881Z"}
{"level":"debug","message":"Request: hostname=localhost","timestamp":"2021-04-26T13:05:05.881Z"}
{"level":"debug","message":"Request: body=undefined","timestamp":"2021-04-26T13:05:05.881Z"}
{"message":"SharedRequestHandler.validateUUID(): isUUID","level":"debug","timestamp":"2021-04-26T13:05:05.883Z"}
{"level":"debug","message":"AuthService.validateJwt(): Der JWT-Token wurde decodiert: {\n  iat: 1619442187,\n  exp: 1619528587,\n  iss: 'https://acme.com/shop/JuergenZimmermann',\n  sub: '20000000-0000-0000-0000-000000000001',\n  jti: 'c9689eb7-e285-456f-9e30-25e6e6134622'\n}","timestamp":"2021-04-26T13:05:05.884Z"}
{"level":"debug","message":"AuthService.validateJwt(): sub=20000000-0000-0000-0000-000000000001","timestamp":"2021-04-26T13:05:05.884Z"}
{"message":"AuthRequestHandler.validateJwt(): ok","level":"debug","timestamp":"2021-04-26T13:05:05.884Z"}
{"level":"debug","message":"Rollen = [ 'admin', 'mitarbeiter', [length]: 2 ]","timestamp":"2021-04-26T13:05:05.884Z"}
{"level":"debug","message":"RolesService.getNormalizedRoles(): [ 'admin', 'mitarbeiter', [length]: 2 ]","timestamp":"2021-04-26T13:05:05.884Z"}
{"level":"debug","message":"AuthService.hasAnyRole(): true","timestamp":"2021-04-26T13:05:05.884Z"}
{"message":"AuthRequestHandler.hasRolle(): ok","level":"debug","timestamp":"2021-04-26T13:05:05.884Z"}
{"message":"AuthRequestHandler.isAdminMitarbeiter(): ok","level":"debug","timestamp":"2021-04-26T13:05:05.884Z"}
{"message":"SharedRequestHandler.validateContentType(): ok","level":"debug","timestamp":"2021-04-26T13:05:05.884Z"}
{"level":"debug","message":"GemaeldeRequestHandler.update(): id=00000000-0000-0000-0000-000000000002","timestamp":"2021-04-26T13:05:05.885Z"}
{"level":"debug","message":"GemaeldeRequestHandler.getVersionHeader() versionHeader=\"0\"","timestamp":"2021-04-26T13:05:05.885Z"}
{"level":"debug","message":"GemaeldeRequestHandler.getVersionHeader(): version=0","timestamp":"2021-04-26T13:05:05.885Z"}
{"level":"debug","message":"GemaeldeRequestHandler.update(): gemaelde={\n  titel: 'MonaLisa',\n  art: 'OELGEMAELDE',\n  haendler: 'HAENDLER1',\n  bewertung: 'AAA',\n  wert: 56.1,\n  ausgestellt: true,\n  beschreibung: 'Schön',\n  kategorien: [ 'Renaissance', [length]: 1 ],\n  kuenstler: [ { nachname: 'Leonardo', vorname: 'Vinci' }, [length]: 1 ],\n  _id: '00000000-0000-0000-0000-000000000002'\n}","timestamp":"2021-04-26T13:05:05.885Z"}
{"level":"debug","message":"GemaeldeService.update(): gemaelde={\n  titel: 'MonaLisa',\n  art: 'OELGEMAELDE',\n  haendler: 'HAENDLER1',\n  bewertung: 'AAA',\n  wert: 56.1,\n  ausgestellt: true,\n  beschreibung: 'Schön',\n  kategorien: [ 'Renaissance', [length]: 1 ],\n  kuenstler: [ { nachname: 'Leonardo', vorname: 'Vinci' }, [length]: 1 ],\n  _id: '00000000-0000-0000-0000-000000000002'\n}","timestamp":"2021-04-26T13:05:05.885Z"}
{"level":"debug","message":"GemaeldeService.update(): versionStr=0","timestamp":"2021-04-26T13:05:05.885Z"}
{"level":"debug","message":"GemaeldeService.validateUpdate(): version=0","timestamp":"2021-04-26T13:05:05.885Z"}
{"level":"debug","message":"GemaeldeService.validateUpdate(): gemaelde={\n  titel: 'MonaLisa',\n  art: 'OELGEMAELDE',\n  haendler: 'HAENDLER1',\n  bewertung: 'AAA',\n  wert: 56.1,\n  ausgestellt: true,\n  beschreibung: 'Schön',\n  kategorien: [ 'Renaissance', [length]: 1 ],\n  kuenstler: [ { nachname: 'Leonardo', vorname: 'Vinci' }, [length]: 1 ],\n  _id: '00000000-0000-0000-0000-000000000002'\n}","timestamp":"2021-04-26T13:05:05.885Z"}
{"level":"debug","message":"validateGemaelde: errors=[ [length]: 0 ]","timestamp":"2021-04-26T13:05:05.885Z"}
{"level":"debug","message":"validateGemaelde: errorMsg={}","timestamp":"2021-04-26T13:05:05.885Z"}
{"level":"debug","message":"GemaeldeService.checkTitelExists(): _id=00000000-0000-0000-0000-000000000002","timestamp":"2021-04-26T13:05:05.889Z"}
{"message":"GemaeldeService.validateUpdate(): ok","level":"debug","timestamp":"2021-04-26T13:05:05.892Z"}
{"level":"debug","message":"GemaeldeService.update(): version=1","timestamp":"2021-04-26T13:05:05.907Z"}
{"level":"debug","message":"GemaeldeRequestHandler.update(): version=1","timestamp":"2021-04-26T13:05:05.907Z"}
{"level":"debug","message":"Response time: 25.5336 ms","timestamp":"2021-04-26T13:05:05.908Z"}
{"level":"debug","message":"Request: headers={\n  'user-agent': 'vscode-restclient',\n  'content-type': 'application/json',\n  authorization: 'Bearer eyJhbGciOiJSUzI1NiIsInR5cCI6IkpXVCJ9.eyJpYXQiOjE2MTk0NDIxODcsImV4cCI6MTYxOTUyODU4NywiaXNzIjoiaHR0cHM6Ly9hY21lLmNvbS9zaG9wL0p1ZXJnZW5aaW1tZXJtYW5uIiwic3ViIjoiMjAwMDAwMDAtMDAwMC0wMDAwLTAwMDAtMDAwMDAwMDAwMDAxIiwianRpIjoiYzk2ODllYjctZTI4NS00NTZmLTllMzAtMjVlNmU2MTM0NjIyIn0.KsZzJSJHYycGz4N6XNHoaccuOtdq1lH-JfI_ps8qBsFVZfp7Q-zemLb1RhUOPCmC-Z6NC56hO2XSiaz6lwvS9vgcdq2Q7PkYWOieI0cPOdvLF6LIogxbKaJVAeyIRjcga95W8-l3_YOY0c8WNkyQ9P4JSm9scESi4yPE1HxFUeZyT-6_F3RAcXzJrpHc0-VcR2oUElvJC6bSLsH9L5O2_B8ufCBQmHbrrdD1YSYZxAecZpxAk_dnoDxkL9LW-OqLLAcZHpvaCNHzdcm2Poory-Jfal9f_6favmpL0jwIpHeo6751b2cQiJPrJE3wKb2HWInoCdAGROy_63AyIVrDzg',\n  'if-match': '\"0\"',\n  'accept-encoding': 'gzip, deflate',\n  'content-length': '307',\n  host: 'localhost:3000',\n  connection: 'close'\n}","timestamp":"2021-04-26T13:05:17.761Z"}
{"level":"debug","message":"Request: protocol=https","timestamp":"2021-04-26T13:05:17.761Z"}
{"level":"debug","message":"Request: hostname=localhost","timestamp":"2021-04-26T13:05:17.761Z"}
{"level":"debug","message":"Request: body=undefined","timestamp":"2021-04-26T13:05:17.761Z"}
{"message":"SharedRequestHandler.validateUUID(): isUUID","level":"debug","timestamp":"2021-04-26T13:05:17.762Z"}
{"level":"debug","message":"AuthService.validateJwt(): Der JWT-Token wurde decodiert: {\n  iat: 1619442187,\n  exp: 1619528587,\n  iss: 'https://acme.com/shop/JuergenZimmermann',\n  sub: '20000000-0000-0000-0000-000000000001',\n  jti: 'c9689eb7-e285-456f-9e30-25e6e6134622'\n}","timestamp":"2021-04-26T13:05:17.763Z"}
{"level":"debug","message":"AuthService.validateJwt(): sub=20000000-0000-0000-0000-000000000001","timestamp":"2021-04-26T13:05:17.763Z"}
{"message":"AuthRequestHandler.validateJwt(): ok","level":"debug","timestamp":"2021-04-26T13:05:17.763Z"}
{"level":"debug","message":"Rollen = [ 'admin', 'mitarbeiter', [length]: 2 ]","timestamp":"2021-04-26T13:05:17.763Z"}
{"level":"debug","message":"RolesService.getNormalizedRoles(): [ 'admin', 'mitarbeiter', [length]: 2 ]","timestamp":"2021-04-26T13:05:17.763Z"}
{"level":"debug","message":"AuthService.hasAnyRole(): true","timestamp":"2021-04-26T13:05:17.763Z"}
{"message":"AuthRequestHandler.hasRolle(): ok","level":"debug","timestamp":"2021-04-26T13:05:17.763Z"}
{"message":"AuthRequestHandler.isAdminMitarbeiter(): ok","level":"debug","timestamp":"2021-04-26T13:05:17.763Z"}
{"message":"SharedRequestHandler.validateContentType(): ok","level":"debug","timestamp":"2021-04-26T13:05:17.763Z"}
{"level":"debug","message":"GemaeldeRequestHandler.update(): id=99999999-9999-9999-9999-999999999999","timestamp":"2021-04-26T13:05:17.764Z"}
{"level":"debug","message":"GemaeldeRequestHandler.getVersionHeader() versionHeader=\"0\"","timestamp":"2021-04-26T13:05:17.764Z"}
{"level":"debug","message":"GemaeldeRequestHandler.getVersionHeader(): version=0","timestamp":"2021-04-26T13:05:17.764Z"}
{"level":"debug","message":"GemaeldeRequestHandler.update(): gemaelde={\n  titel: 'MonaLisa',\n  art: 'OELGEMAELDE',\n  haendler: 'HAENDLER1',\n  bewertung: 'AAA',\n  wert: 56.1,\n  ausgestellt: true,\n  beschreibung: 'Schön',\n  kategorien: [ 'Renaissance', [length]: 1 ],\n  kuenstler: [ { nachname: 'Leonardo', vorname: 'Vinci' }, [length]: 1 ],\n  _id: '99999999-9999-9999-9999-999999999999'\n}","timestamp":"2021-04-26T13:05:17.764Z"}
{"level":"debug","message":"GemaeldeService.update(): gemaelde={\n  titel: 'MonaLisa',\n  art: 'OELGEMAELDE',\n  haendler: 'HAENDLER1',\n  bewertung: 'AAA',\n  wert: 56.1,\n  ausgestellt: true,\n  beschreibung: 'Schön',\n  kategorien: [ 'Renaissance', [length]: 1 ],\n  kuenstler: [ { nachname: 'Leonardo', vorname: 'Vinci' }, [length]: 1 ],\n  _id: '99999999-9999-9999-9999-999999999999'\n}","timestamp":"2021-04-26T13:05:17.764Z"}
{"level":"debug","message":"GemaeldeService.update(): versionStr=0","timestamp":"2021-04-26T13:05:17.764Z"}
{"level":"debug","message":"GemaeldeService.validateUpdate(): version=0","timestamp":"2021-04-26T13:05:17.764Z"}
{"level":"debug","message":"GemaeldeService.validateUpdate(): gemaelde={\n  titel: 'MonaLisa',\n  art: 'OELGEMAELDE',\n  haendler: 'HAENDLER1',\n  bewertung: 'AAA',\n  wert: 56.1,\n  ausgestellt: true,\n  beschreibung: 'Schön',\n  kategorien: [ 'Renaissance', [length]: 1 ],\n  kuenstler: [ { nachname: 'Leonardo', vorname: 'Vinci' }, [length]: 1 ],\n  _id: '99999999-9999-9999-9999-999999999999'\n}","timestamp":"2021-04-26T13:05:17.764Z"}
{"level":"debug","message":"validateGemaelde: errors=[ [length]: 0 ]","timestamp":"2021-04-26T13:05:17.764Z"}
{"level":"debug","message":"validateGemaelde: errorMsg={}","timestamp":"2021-04-26T13:05:17.764Z"}
{"level":"debug","message":"GemaeldeService.checkTitelExists(): _id=00000000-0000-0000-0000-000000000002","timestamp":"2021-04-26T13:05:17.768Z"}
{"level":"debug","message":"GemaeldeRequestHandler.handleTitelExists(): msg=Der Titel \"MonaLisa\" existiert bereits bei 00000000-0000-0000-0000-000000000002.","timestamp":"2021-04-26T13:05:17.768Z"}
{"level":"debug","message":"Response time: 6.6791 ms","timestamp":"2021-04-26T13:05:17.768Z"}
{"level":"debug","message":"Request: headers={\n  'user-agent': 'vscode-restclient',\n  'content-type': 'application/json',\n  authorization: 'Bearer eyJhbGciOiJSUzI1NiIsInR5cCI6IkpXVCJ9.eyJpYXQiOjE2MTk0NDIxODcsImV4cCI6MTYxOTUyODU4NywiaXNzIjoiaHR0cHM6Ly9hY21lLmNvbS9zaG9wL0p1ZXJnZW5aaW1tZXJtYW5uIiwic3ViIjoiMjAwMDAwMDAtMDAwMC0wMDAwLTAwMDAtMDAwMDAwMDAwMDAxIiwianRpIjoiYzk2ODllYjctZTI4NS00NTZmLTllMzAtMjVlNmU2MTM0NjIyIn0.KsZzJSJHYycGz4N6XNHoaccuOtdq1lH-JfI_ps8qBsFVZfp7Q-zemLb1RhUOPCmC-Z6NC56hO2XSiaz6lwvS9vgcdq2Q7PkYWOieI0cPOdvLF6LIogxbKaJVAeyIRjcga95W8-l3_YOY0c8WNkyQ9P4JSm9scESi4yPE1HxFUeZyT-6_F3RAcXzJrpHc0-VcR2oUElvJC6bSLsH9L5O2_B8ufCBQmHbrrdD1YSYZxAecZpxAk_dnoDxkL9LW-OqLLAcZHpvaCNHzdcm2Poory-Jfal9f_6favmpL0jwIpHeo6751b2cQiJPrJE3wKb2HWInoCdAGROy_63AyIVrDzg',\n  'if-match': '\"0\"',\n  'accept-encoding': 'gzip, deflate',\n  'content-length': '307',\n  host: 'localhost:3000',\n  connection: 'close'\n}","timestamp":"2021-04-26T13:05:21.278Z"}
{"level":"debug","message":"Request: protocol=https","timestamp":"2021-04-26T13:05:21.278Z"}
{"level":"debug","message":"Request: hostname=localhost","timestamp":"2021-04-26T13:05:21.278Z"}
{"level":"debug","message":"Request: body=undefined","timestamp":"2021-04-26T13:05:21.278Z"}
{"message":"SharedRequestHandler.validateUUID(): isUUID","level":"debug","timestamp":"2021-04-26T13:05:21.279Z"}
{"level":"debug","message":"AuthService.validateJwt(): Der JWT-Token wurde decodiert: {\n  iat: 1619442187,\n  exp: 1619528587,\n  iss: 'https://acme.com/shop/JuergenZimmermann',\n  sub: '20000000-0000-0000-0000-000000000001',\n  jti: 'c9689eb7-e285-456f-9e30-25e6e6134622'\n}","timestamp":"2021-04-26T13:05:21.280Z"}
{"level":"debug","message":"AuthService.validateJwt(): sub=20000000-0000-0000-0000-000000000001","timestamp":"2021-04-26T13:05:21.280Z"}
{"message":"AuthRequestHandler.validateJwt(): ok","level":"debug","timestamp":"2021-04-26T13:05:21.280Z"}
{"level":"debug","message":"Rollen = [ 'admin', 'mitarbeiter', [length]: 2 ]","timestamp":"2021-04-26T13:05:21.280Z"}
{"level":"debug","message":"RolesService.getNormalizedRoles(): [ 'admin', 'mitarbeiter', [length]: 2 ]","timestamp":"2021-04-26T13:05:21.280Z"}
{"level":"debug","message":"AuthService.hasAnyRole(): true","timestamp":"2021-04-26T13:05:21.280Z"}
{"message":"AuthRequestHandler.hasRolle(): ok","level":"debug","timestamp":"2021-04-26T13:05:21.280Z"}
{"message":"AuthRequestHandler.isAdminMitarbeiter(): ok","level":"debug","timestamp":"2021-04-26T13:05:21.280Z"}
{"message":"SharedRequestHandler.validateContentType(): ok","level":"debug","timestamp":"2021-04-26T13:05:21.280Z"}
{"level":"debug","message":"GemaeldeRequestHandler.update(): id=99999999-9999-9999-9999-999999999999","timestamp":"2021-04-26T13:05:21.281Z"}
{"level":"debug","message":"GemaeldeRequestHandler.getVersionHeader() versionHeader=\"0\"","timestamp":"2021-04-26T13:05:21.281Z"}
{"level":"debug","message":"GemaeldeRequestHandler.getVersionHeader(): version=0","timestamp":"2021-04-26T13:05:21.281Z"}
{"level":"debug","message":"GemaeldeRequestHandler.update(): gemaelde={\n  titel: 'MonaLisa',\n  art: 'OELGEMAELDE',\n  haendler: 'HAENDLER1',\n  bewertung: 'AAA',\n  wert: 56.1,\n  ausgestellt: true,\n  beschreibung: 'Schön',\n  kategorien: [ 'Renaissance', [length]: 1 ],\n  kuenstler: [ { nachname: 'Leonardo', vorname: 'Vinci' }, [length]: 1 ],\n  _id: '99999999-9999-9999-9999-999999999999'\n}","timestamp":"2021-04-26T13:05:21.281Z"}
{"level":"debug","message":"GemaeldeService.update(): gemaelde={\n  titel: 'MonaLisa',\n  art: 'OELGEMAELDE',\n  haendler: 'HAENDLER1',\n  bewertung: 'AAA',\n  wert: 56.1,\n  ausgestellt: true,\n  beschreibung: 'Schön',\n  kategorien: [ 'Renaissance', [length]: 1 ],\n  kuenstler: [ { nachname: 'Leonardo', vorname: 'Vinci' }, [length]: 1 ],\n  _id: '99999999-9999-9999-9999-999999999999'\n}","timestamp":"2021-04-26T13:05:21.281Z"}
{"level":"debug","message":"GemaeldeService.update(): versionStr=0","timestamp":"2021-04-26T13:05:21.281Z"}
{"level":"debug","message":"GemaeldeService.validateUpdate(): version=0","timestamp":"2021-04-26T13:05:21.281Z"}
{"level":"debug","message":"GemaeldeService.validateUpdate(): gemaelde={\n  titel: 'MonaLisa',\n  art: 'OELGEMAELDE',\n  haendler: 'HAENDLER1',\n  bewertung: 'AAA',\n  wert: 56.1,\n  ausgestellt: true,\n  beschreibung: 'Schön',\n  kategorien: [ 'Renaissance', [length]: 1 ],\n  kuenstler: [ { nachname: 'Leonardo', vorname: 'Vinci' }, [length]: 1 ],\n  _id: '99999999-9999-9999-9999-999999999999'\n}","timestamp":"2021-04-26T13:05:21.281Z"}
{"level":"debug","message":"validateGemaelde: errors=[ [length]: 0 ]","timestamp":"2021-04-26T13:05:21.281Z"}
{"level":"debug","message":"validateGemaelde: errorMsg={}","timestamp":"2021-04-26T13:05:21.281Z"}
{"level":"debug","message":"GemaeldeService.checkTitelExists(): _id=00000000-0000-0000-0000-000000000002","timestamp":"2021-04-26T13:05:21.285Z"}
{"level":"debug","message":"GemaeldeRequestHandler.handleTitelExists(): msg=Der Titel \"MonaLisa\" existiert bereits bei 00000000-0000-0000-0000-000000000002.","timestamp":"2021-04-26T13:05:21.285Z"}
{"level":"debug","message":"Response time: 6.826099999999999 ms","timestamp":"2021-04-26T13:05:21.286Z"}
{"level":"debug","message":"Request: headers={\n  'user-agent': 'vscode-restclient',\n  'content-type': 'application/json',\n  authorization: 'Bearer eyJhbGciOiJSUzI1NiIsInR5cCI6IkpXVCJ9.eyJpYXQiOjE2MTk0NDIxODcsImV4cCI6MTYxOTUyODU4NywiaXNzIjoiaHR0cHM6Ly9hY21lLmNvbS9zaG9wL0p1ZXJnZW5aaW1tZXJtYW5uIiwic3ViIjoiMjAwMDAwMDAtMDAwMC0wMDAwLTAwMDAtMDAwMDAwMDAwMDAxIiwianRpIjoiYzk2ODllYjctZTI4NS00NTZmLTllMzAtMjVlNmU2MTM0NjIyIn0.KsZzJSJHYycGz4N6XNHoaccuOtdq1lH-JfI_ps8qBsFVZfp7Q-zemLb1RhUOPCmC-Z6NC56hO2XSiaz6lwvS9vgcdq2Q7PkYWOieI0cPOdvLF6LIogxbKaJVAeyIRjcga95W8-l3_YOY0c8WNkyQ9P4JSm9scESi4yPE1HxFUeZyT-6_F3RAcXzJrpHc0-VcR2oUElvJC6bSLsH9L5O2_B8ufCBQmHbrrdD1YSYZxAecZpxAk_dnoDxkL9LW-OqLLAcZHpvaCNHzdcm2Poory-Jfal9f_6favmpL0jwIpHeo6751b2cQiJPrJE3wKb2HWInoCdAGROy_63AyIVrDzg',\n  'if-match': '\"0\"',\n  'accept-encoding': 'gzip, deflate',\n  'content-length': '37',\n  host: 'localhost:3000',\n  connection: 'close'\n}","timestamp":"2021-04-26T13:07:03.818Z"}
{"level":"debug","message":"Request: protocol=https","timestamp":"2021-04-26T13:07:03.818Z"}
{"level":"debug","message":"Request: hostname=localhost","timestamp":"2021-04-26T13:07:03.818Z"}
{"level":"debug","message":"Request: body=undefined","timestamp":"2021-04-26T13:07:03.818Z"}
{"message":"SharedRequestHandler.validateUUID(): isUUID","level":"debug","timestamp":"2021-04-26T13:07:03.819Z"}
{"level":"debug","message":"AuthService.validateJwt(): Der JWT-Token wurde decodiert: {\n  iat: 1619442187,\n  exp: 1619528587,\n  iss: 'https://acme.com/shop/JuergenZimmermann',\n  sub: '20000000-0000-0000-0000-000000000001',\n  jti: 'c9689eb7-e285-456f-9e30-25e6e6134622'\n}","timestamp":"2021-04-26T13:07:03.819Z"}
{"level":"debug","message":"AuthService.validateJwt(): sub=20000000-0000-0000-0000-000000000001","timestamp":"2021-04-26T13:07:03.819Z"}
{"message":"AuthRequestHandler.validateJwt(): ok","level":"debug","timestamp":"2021-04-26T13:07:03.820Z"}
{"level":"debug","message":"Rollen = [ 'admin', 'mitarbeiter', [length]: 2 ]","timestamp":"2021-04-26T13:07:03.820Z"}
{"level":"debug","message":"RolesService.getNormalizedRoles(): [ 'admin', 'mitarbeiter', [length]: 2 ]","timestamp":"2021-04-26T13:07:03.820Z"}
{"level":"debug","message":"AuthService.hasAnyRole(): true","timestamp":"2021-04-26T13:07:03.820Z"}
{"message":"AuthRequestHandler.hasRolle(): ok","level":"debug","timestamp":"2021-04-26T13:07:03.820Z"}
{"message":"AuthRequestHandler.isAdminMitarbeiter(): ok","level":"debug","timestamp":"2021-04-26T13:07:03.820Z"}
{"message":"SharedRequestHandler.validateContentType(): ok","level":"debug","timestamp":"2021-04-26T13:07:03.820Z"}
{"level":"debug","message":"Response time: 5.193099999999999 ms","timestamp":"2021-04-26T13:07:03.824Z"}
{"level":"debug","message":"Request: headers={\n  'user-agent': 'vscode-restclient',\n  'content-type': 'application/json',\n  authorization: 'Bearer eyJhbGciOiJSUzI1NiIsInR5cCI6IkpXVCJ9.eyJpYXQiOjE2MTk0NDIxODcsImV4cCI6MTYxOTUyODU4NywiaXNzIjoiaHR0cHM6Ly9hY21lLmNvbS9zaG9wL0p1ZXJnZW5aaW1tZXJtYW5uIiwic3ViIjoiMjAwMDAwMDAtMDAwMC0wMDAwLTAwMDAtMDAwMDAwMDAwMDAxIiwianRpIjoiYzk2ODllYjctZTI4NS00NTZmLTllMzAtMjVlNmU2MTM0NjIyIn0.KsZzJSJHYycGz4N6XNHoaccuOtdq1lH-JfI_ps8qBsFVZfp7Q-zemLb1RhUOPCmC-Z6NC56hO2XSiaz6lwvS9vgcdq2Q7PkYWOieI0cPOdvLF6LIogxbKaJVAeyIRjcga95W8-l3_YOY0c8WNkyQ9P4JSm9scESi4yPE1HxFUeZyT-6_F3RAcXzJrpHc0-VcR2oUElvJC6bSLsH9L5O2_B8ufCBQmHbrrdD1YSYZxAecZpxAk_dnoDxkL9LW-OqLLAcZHpvaCNHzdcm2Poory-Jfal9f_6favmpL0jwIpHeo6751b2cQiJPrJE3wKb2HWInoCdAGROy_63AyIVrDzg',\n  'if-match': '\"0\"',\n  'accept-encoding': 'gzip, deflate',\n  'content-length': '37',\n  host: 'localhost:3000',\n  connection: 'close'\n}","timestamp":"2021-04-26T13:07:14.925Z"}
{"level":"debug","message":"Request: protocol=https","timestamp":"2021-04-26T13:07:14.925Z"}
{"level":"debug","message":"Request: hostname=localhost","timestamp":"2021-04-26T13:07:14.925Z"}
{"level":"debug","message":"Request: body=undefined","timestamp":"2021-04-26T13:07:14.925Z"}
{"message":"SharedRequestHandler.validateUUID(): isUUID","level":"debug","timestamp":"2021-04-26T13:07:14.926Z"}
{"level":"debug","message":"AuthService.validateJwt(): Der JWT-Token wurde decodiert: {\n  iat: 1619442187,\n  exp: 1619528587,\n  iss: 'https://acme.com/shop/JuergenZimmermann',\n  sub: '20000000-0000-0000-0000-000000000001',\n  jti: 'c9689eb7-e285-456f-9e30-25e6e6134622'\n}","timestamp":"2021-04-26T13:07:14.928Z"}
{"level":"debug","message":"AuthService.validateJwt(): sub=20000000-0000-0000-0000-000000000001","timestamp":"2021-04-26T13:07:14.928Z"}
{"message":"AuthRequestHandler.validateJwt(): ok","level":"debug","timestamp":"2021-04-26T13:07:14.928Z"}
{"level":"debug","message":"Rollen = [ 'admin', 'mitarbeiter', [length]: 2 ]","timestamp":"2021-04-26T13:07:14.928Z"}
{"level":"debug","message":"RolesService.getNormalizedRoles(): [ 'admin', 'mitarbeiter', [length]: 2 ]","timestamp":"2021-04-26T13:07:14.928Z"}
{"level":"debug","message":"AuthService.hasAnyRole(): true","timestamp":"2021-04-26T13:07:14.928Z"}
{"message":"AuthRequestHandler.hasRolle(): ok","level":"debug","timestamp":"2021-04-26T13:07:14.928Z"}
{"message":"AuthRequestHandler.isAdminMitarbeiter(): ok","level":"debug","timestamp":"2021-04-26T13:07:14.928Z"}
{"message":"SharedRequestHandler.validateContentType(): ok","level":"debug","timestamp":"2021-04-26T13:07:14.928Z"}
{"level":"debug","message":"Response time: 3.5738 ms","timestamp":"2021-04-26T13:07:14.930Z"}
{"level":"debug","message":"Request: headers={\n  'user-agent': 'vscode-restclient',\n  'content-type': 'application/json',\n  authorization: 'Bearer eyJhbGciOiJSUzI1NiIsInR5cCI6IkpXVCJ9.eyJpYXQiOjE2MTk0NDIxODcsImV4cCI6MTYxOTUyODU4NywiaXNzIjoiaHR0cHM6Ly9hY21lLmNvbS9zaG9wL0p1ZXJnZW5aaW1tZXJtYW5uIiwic3ViIjoiMjAwMDAwMDAtMDAwMC0wMDAwLTAwMDAtMDAwMDAwMDAwMDAxIiwianRpIjoiYzk2ODllYjctZTI4NS00NTZmLTllMzAtMjVlNmU2MTM0NjIyIn0.KsZzJSJHYycGz4N6XNHoaccuOtdq1lH-JfI_ps8qBsFVZfp7Q-zemLb1RhUOPCmC-Z6NC56hO2XSiaz6lwvS9vgcdq2Q7PkYWOieI0cPOdvLF6LIogxbKaJVAeyIRjcga95W8-l3_YOY0c8WNkyQ9P4JSm9scESi4yPE1HxFUeZyT-6_F3RAcXzJrpHc0-VcR2oUElvJC6bSLsH9L5O2_B8ufCBQmHbrrdD1YSYZxAecZpxAk_dnoDxkL9LW-OqLLAcZHpvaCNHzdcm2Poory-Jfal9f_6favmpL0jwIpHeo6751b2cQiJPrJE3wKb2HWInoCdAGROy_63AyIVrDzg',\n  'accept-encoding': 'gzip, deflate',\n  'content-length': '307',\n  host: 'localhost:3000',\n  connection: 'close'\n}","timestamp":"2021-04-26T13:07:26.323Z"}
{"level":"debug","message":"Request: protocol=https","timestamp":"2021-04-26T13:07:26.323Z"}
{"level":"debug","message":"Request: hostname=localhost","timestamp":"2021-04-26T13:07:26.323Z"}
{"level":"debug","message":"Request: body=undefined","timestamp":"2021-04-26T13:07:26.323Z"}
{"message":"SharedRequestHandler.validateUUID(): isUUID","level":"debug","timestamp":"2021-04-26T13:07:26.324Z"}
{"level":"debug","message":"AuthService.validateJwt(): Der JWT-Token wurde decodiert: {\n  iat: 1619442187,\n  exp: 1619528587,\n  iss: 'https://acme.com/shop/JuergenZimmermann',\n  sub: '20000000-0000-0000-0000-000000000001',\n  jti: 'c9689eb7-e285-456f-9e30-25e6e6134622'\n}","timestamp":"2021-04-26T13:07:26.325Z"}
{"level":"debug","message":"AuthService.validateJwt(): sub=20000000-0000-0000-0000-000000000001","timestamp":"2021-04-26T13:07:26.325Z"}
{"message":"AuthRequestHandler.validateJwt(): ok","level":"debug","timestamp":"2021-04-26T13:07:26.325Z"}
{"level":"debug","message":"Rollen = [ 'admin', 'mitarbeiter', [length]: 2 ]","timestamp":"2021-04-26T13:07:26.325Z"}
{"level":"debug","message":"RolesService.getNormalizedRoles(): [ 'admin', 'mitarbeiter', [length]: 2 ]","timestamp":"2021-04-26T13:07:26.325Z"}
{"level":"debug","message":"AuthService.hasAnyRole(): true","timestamp":"2021-04-26T13:07:26.325Z"}
{"message":"AuthRequestHandler.hasRolle(): ok","level":"debug","timestamp":"2021-04-26T13:07:26.325Z"}
{"message":"AuthRequestHandler.isAdminMitarbeiter(): ok","level":"debug","timestamp":"2021-04-26T13:07:26.325Z"}
{"message":"SharedRequestHandler.validateContentType(): ok","level":"debug","timestamp":"2021-04-26T13:07:26.325Z"}
{"level":"debug","message":"GemaeldeRequestHandler.update(): id=00000000-0000-0000-0000-000000000003","timestamp":"2021-04-26T13:07:26.326Z"}
{"level":"debug","message":"GemaeldeRequestHandler.getVersionHeader() versionHeader=undefined","timestamp":"2021-04-26T13:07:26.326Z"}
{"0":"V","1":"e","2":"r","3":"s","4":"i","5":"o","6":"n","7":"s","8":"n","9":"u","10":"m","11":"m","12":"e","13":"r","14":" ","15":"f","16":"e","17":"h","18":"l","19":"t","level":"debug","message":"GemaeldeRequestHandler.getVersionHeader(): status=428, message=","timestamp":"2021-04-26T13:07:26.326Z"}
{"level":"debug","message":"Response time: 2.0381 ms","timestamp":"2021-04-26T13:07:26.326Z"}
{"level":"debug","message":"Request: headers={\n  'user-agent': 'vscode-restclient',\n  'content-type': 'application/json',\n  'if-match': '0',\n  authorization: 'Bearer eyJhbGciOiJSUzI1NiIsInR5cCI6IkpXVCJ9.eyJpYXQiOjE2MTk0NDIxODcsImV4cCI6MTYxOTUyODU4NywiaXNzIjoiaHR0cHM6Ly9hY21lLmNvbS9zaG9wL0p1ZXJnZW5aaW1tZXJtYW5uIiwic3ViIjoiMjAwMDAwMDAtMDAwMC0wMDAwLTAwMDAtMDAwMDAwMDAwMDAxIiwianRpIjoiYzk2ODllYjctZTI4NS00NTZmLTllMzAtMjVlNmU2MTM0NjIyIn0.KsZzJSJHYycGz4N6XNHoaccuOtdq1lH-JfI_ps8qBsFVZfp7Q-zemLb1RhUOPCmC-Z6NC56hO2XSiaz6lwvS9vgcdq2Q7PkYWOieI0cPOdvLF6LIogxbKaJVAeyIRjcga95W8-l3_YOY0c8WNkyQ9P4JSm9scESi4yPE1HxFUeZyT-6_F3RAcXzJrpHc0-VcR2oUElvJC6bSLsH9L5O2_B8ufCBQmHbrrdD1YSYZxAecZpxAk_dnoDxkL9LW-OqLLAcZHpvaCNHzdcm2Poory-Jfal9f_6favmpL0jwIpHeo6751b2cQiJPrJE3wKb2HWInoCdAGROy_63AyIVrDzg',\n  'accept-encoding': 'gzip, deflate',\n  'content-length': '307',\n  host: 'localhost:3000',\n  connection: 'close'\n}","timestamp":"2021-04-26T13:07:32.969Z"}
{"level":"debug","message":"Request: protocol=https","timestamp":"2021-04-26T13:07:32.969Z"}
{"level":"debug","message":"Request: hostname=localhost","timestamp":"2021-04-26T13:07:32.969Z"}
{"level":"debug","message":"Request: body=undefined","timestamp":"2021-04-26T13:07:32.969Z"}
{"message":"SharedRequestHandler.validateUUID(): isUUID","level":"debug","timestamp":"2021-04-26T13:07:32.972Z"}
{"level":"debug","message":"AuthService.validateJwt(): Der JWT-Token wurde decodiert: {\n  iat: 1619442187,\n  exp: 1619528587,\n  iss: 'https://acme.com/shop/JuergenZimmermann',\n  sub: '20000000-0000-0000-0000-000000000001',\n  jti: 'c9689eb7-e285-456f-9e30-25e6e6134622'\n}","timestamp":"2021-04-26T13:07:32.972Z"}
{"level":"debug","message":"AuthService.validateJwt(): sub=20000000-0000-0000-0000-000000000001","timestamp":"2021-04-26T13:07:32.972Z"}
{"message":"AuthRequestHandler.validateJwt(): ok","level":"debug","timestamp":"2021-04-26T13:07:32.972Z"}
{"level":"debug","message":"Rollen = [ 'admin', 'mitarbeiter', [length]: 2 ]","timestamp":"2021-04-26T13:07:32.972Z"}
{"level":"debug","message":"RolesService.getNormalizedRoles(): [ 'admin', 'mitarbeiter', [length]: 2 ]","timestamp":"2021-04-26T13:07:32.972Z"}
{"level":"debug","message":"AuthService.hasAnyRole(): true","timestamp":"2021-04-26T13:07:32.972Z"}
{"message":"AuthRequestHandler.hasRolle(): ok","level":"debug","timestamp":"2021-04-26T13:07:32.973Z"}
{"message":"AuthRequestHandler.isAdminMitarbeiter(): ok","level":"debug","timestamp":"2021-04-26T13:07:32.973Z"}
{"message":"SharedRequestHandler.validateContentType(): ok","level":"debug","timestamp":"2021-04-26T13:07:32.973Z"}
{"level":"debug","message":"GemaeldeRequestHandler.update(): id=00000000-0000-0000-0000-000000000003","timestamp":"2021-04-26T13:07:32.973Z"}
{"level":"debug","message":"GemaeldeRequestHandler.getVersionHeader() versionHeader=0","timestamp":"2021-04-26T13:07:32.973Z"}
{"0":"U","1":"n","2":"g","3":"u","4":"e","5":"l","6":"t","7":"i","8":"g","9":"e","10":" ","11":"V","12":"e","13":"r","14":"s","15":"i","16":"o","17":"n","18":"s","19":"n","20":"u","21":"m","22":"m","23":"e","24":"r","25":":","26":" ","27":"0","level":"debug","message":"GemaeldeRequestHandler.getVersionHeader(): status=412, message=","timestamp":"2021-04-26T13:07:32.973Z"}
{"level":"debug","message":"Response time: 1.9627 ms","timestamp":"2021-04-26T13:07:32.973Z"}
{"level":"debug","message":"Request: headers={\n  'user-agent': 'vscode-restclient',\n  'content-type': 'application/json',\n  'if-match': '\"-1\"',\n  authorization: 'Bearer eyJhbGciOiJSUzI1NiIsInR5cCI6IkpXVCJ9.eyJpYXQiOjE2MTk0NDIxODcsImV4cCI6MTYxOTUyODU4NywiaXNzIjoiaHR0cHM6Ly9hY21lLmNvbS9zaG9wL0p1ZXJnZW5aaW1tZXJtYW5uIiwic3ViIjoiMjAwMDAwMDAtMDAwMC0wMDAwLTAwMDAtMDAwMDAwMDAwMDAxIiwianRpIjoiYzk2ODllYjctZTI4NS00NTZmLTllMzAtMjVlNmU2MTM0NjIyIn0.KsZzJSJHYycGz4N6XNHoaccuOtdq1lH-JfI_ps8qBsFVZfp7Q-zemLb1RhUOPCmC-Z6NC56hO2XSiaz6lwvS9vgcdq2Q7PkYWOieI0cPOdvLF6LIogxbKaJVAeyIRjcga95W8-l3_YOY0c8WNkyQ9P4JSm9scESi4yPE1HxFUeZyT-6_F3RAcXzJrpHc0-VcR2oUElvJC6bSLsH9L5O2_B8ufCBQmHbrrdD1YSYZxAecZpxAk_dnoDxkL9LW-OqLLAcZHpvaCNHzdcm2Poory-Jfal9f_6favmpL0jwIpHeo6751b2cQiJPrJE3wKb2HWInoCdAGROy_63AyIVrDzg',\n  'accept-encoding': 'gzip, deflate',\n  'content-length': '307',\n  host: 'localhost:3000',\n  connection: 'close'\n}","timestamp":"2021-04-26T13:07:38.633Z"}
{"level":"debug","message":"Request: protocol=https","timestamp":"2021-04-26T13:07:38.633Z"}
{"level":"debug","message":"Request: hostname=localhost","timestamp":"2021-04-26T13:07:38.634Z"}
{"level":"debug","message":"Request: body=undefined","timestamp":"2021-04-26T13:07:38.634Z"}
{"message":"SharedRequestHandler.validateUUID(): isUUID","level":"debug","timestamp":"2021-04-26T13:07:38.635Z"}
{"level":"debug","message":"AuthService.validateJwt(): Der JWT-Token wurde decodiert: {\n  iat: 1619442187,\n  exp: 1619528587,\n  iss: 'https://acme.com/shop/JuergenZimmermann',\n  sub: '20000000-0000-0000-0000-000000000001',\n  jti: 'c9689eb7-e285-456f-9e30-25e6e6134622'\n}","timestamp":"2021-04-26T13:07:38.636Z"}
{"level":"debug","message":"AuthService.validateJwt(): sub=20000000-0000-0000-0000-000000000001","timestamp":"2021-04-26T13:07:38.636Z"}
{"message":"AuthRequestHandler.validateJwt(): ok","level":"debug","timestamp":"2021-04-26T13:07:38.636Z"}
{"level":"debug","message":"Rollen = [ 'admin', 'mitarbeiter', [length]: 2 ]","timestamp":"2021-04-26T13:07:38.636Z"}
{"level":"debug","message":"RolesService.getNormalizedRoles(): [ 'admin', 'mitarbeiter', [length]: 2 ]","timestamp":"2021-04-26T13:07:38.636Z"}
{"level":"debug","message":"AuthService.hasAnyRole(): true","timestamp":"2021-04-26T13:07:38.636Z"}
{"message":"AuthRequestHandler.hasRolle(): ok","level":"debug","timestamp":"2021-04-26T13:07:38.636Z"}
{"message":"AuthRequestHandler.isAdminMitarbeiter(): ok","level":"debug","timestamp":"2021-04-26T13:07:38.636Z"}
{"message":"SharedRequestHandler.validateContentType(): ok","level":"debug","timestamp":"2021-04-26T13:07:38.636Z"}
{"level":"debug","message":"GemaeldeRequestHandler.update(): id=00000000-0000-0000-0000-000000000003","timestamp":"2021-04-26T13:07:38.637Z"}
{"level":"debug","message":"GemaeldeRequestHandler.getVersionHeader() versionHeader=\"-1\"","timestamp":"2021-04-26T13:07:38.637Z"}
{"level":"debug","message":"GemaeldeRequestHandler.getVersionHeader(): version=-1","timestamp":"2021-04-26T13:07:38.637Z"}
{"level":"debug","message":"GemaeldeRequestHandler.update(): gemaelde={\n  titel: 'MonaLisa',\n  art: 'OELGEMAELDE',\n  haendler: 'HAENDLER1',\n  bewertung: 'AAA',\n  wert: 56.1,\n  ausgestellt: true,\n  beschreibung: 'Schön',\n  kategorien: [ 'Renaissance', [length]: 1 ],\n  kuenstler: [ { nachname: 'Leonardo', vorname: 'Vinci' }, [length]: 1 ],\n  _id: '00000000-0000-0000-0000-000000000003'\n}","timestamp":"2021-04-26T13:07:38.637Z"}
{"level":"debug","message":"GemaeldeService.update(): gemaelde={\n  titel: 'MonaLisa',\n  art: 'OELGEMAELDE',\n  haendler: 'HAENDLER1',\n  bewertung: 'AAA',\n  wert: 56.1,\n  ausgestellt: true,\n  beschreibung: 'Schön',\n  kategorien: [ 'Renaissance', [length]: 1 ],\n  kuenstler: [ { nachname: 'Leonardo', vorname: 'Vinci' }, [length]: 1 ],\n  _id: '00000000-0000-0000-0000-000000000003'\n}","timestamp":"2021-04-26T13:07:38.637Z"}
{"level":"debug","message":"GemaeldeService.update(): versionStr=-1","timestamp":"2021-04-26T13:07:38.637Z"}
{"level":"debug","message":"GemaeldeService.validateUpdate(): version=-1","timestamp":"2021-04-26T13:07:38.637Z"}
{"level":"debug","message":"GemaeldeService.validateUpdate(): gemaelde={\n  titel: 'MonaLisa',\n  art: 'OELGEMAELDE',\n  haendler: 'HAENDLER1',\n  bewertung: 'AAA',\n  wert: 56.1,\n  ausgestellt: true,\n  beschreibung: 'Schön',\n  kategorien: [ 'Renaissance', [length]: 1 ],\n  kuenstler: [ { nachname: 'Leonardo', vorname: 'Vinci' }, [length]: 1 ],\n  _id: '00000000-0000-0000-0000-000000000003'\n}","timestamp":"2021-04-26T13:07:38.637Z"}
{"level":"debug","message":"validateGemaelde: errors=[ [length]: 0 ]","timestamp":"2021-04-26T13:07:38.637Z"}
{"level":"debug","message":"validateGemaelde: errorMsg={}","timestamp":"2021-04-26T13:07:38.637Z"}
{"level":"debug","message":"GemaeldeService.checkTitelExists(): _id=00000000-0000-0000-0000-000000000002","timestamp":"2021-04-26T13:07:38.642Z"}
{"level":"debug","message":"GemaeldeRequestHandler.handleTitelExists(): msg=Der Titel \"MonaLisa\" existiert bereits bei 00000000-0000-0000-0000-000000000002.","timestamp":"2021-04-26T13:07:38.642Z"}
{"level":"debug","message":"Response time: 7.3399 ms","timestamp":"2021-04-26T13:07:38.642Z"}
{"level":"debug","message":"consoleOptions: {\n  level: 'info',\n  format: Format {\n    options: {},\n    Format: <ref *1> [Function: Format] {\n      [length]: 0,\n      [name]: 'Format',\n      [prototype]: {\n        [constructor]: [Circular *1],\n        transform: [Function (anonymous)] { [length]: 1, [name]: '' }\n      }\n    }\n  }\n}","timestamp":"2021-04-26T13:08:50.001Z"}
{"level":"debug","message":"fileOptions: {\n  filename: 'C:\\\\Users\\\\Jakob\\\\Desktop\\\\Projekt\\\\gemaelde\\\\log\\\\server.log',\n  level: 'debug',\n  maxsize: 250000,\n  maxFiles: 3,\n  format: Format {\n    options: {},\n    Format: <ref *1> [Function: Format] {\n      [length]: 0,\n      [name]: 'Format',\n      [prototype]: {\n        [constructor]: [Circular *1],\n        transform: [Function (anonymous)] { [length]: 1, [name]: '' }\n      }\n    }\n  }\n}","timestamp":"2021-04-26T13:08:50.002Z"}
{"message":"Logging durch Winston ist konfiguriert","level":"info","timestamp":"2021-04-26T13:08:50.003Z"}
{"level":"info","message":"RoleService: roles=[ 'admin', 'mitarbeiter', 'abteilungsleiter', 'kunde', [length]: 4 ]","timestamp":"2021-04-26T13:08:52.307Z"}
{"level":"info","message":"UsersService: users=[\n  {\n    id: '20000000-0000-0000-0000-000000000001',\n    username: 'admin',\n    password: '$2b$10$YTg4.iW.FPRqHExVLRf05Ob/z/BQqjUxJgncct2TgxGBjl4cCUNGS',\n    email: 'admin@acme.com',\n    roles: [\n      'admin',\n      'mitarbeiter',\n      'abteilungsleiter',\n      'kunde',\n      [length]: 4\n    ]\n  },\n  {\n    id: '20000000-0000-0000-0000-000000000002',\n    username: 'adriana.alpha',\n    password: '$2b$10$YTg4.iW.FPRqHExVLRf05Ob/z/BQqjUxJgncct2TgxGBjl4cCUNGS',\n    email: 'adriana.alpha@acme.com',\n    roles: [ 'admin', 'mitarbeiter', 'kunde', [length]: 3 ]\n  },\n  {\n    id: '20000000-0000-0000-0000-000000000003',\n    username: 'alfred.alpha',\n    password: '$2b$10$YTg4.iW.FPRqHExVLRf05Ob/z/BQqjUxJgncct2TgxGBjl4cCUNGS',\n    email: 'alfred.alpha@acme.com',\n    roles: [ 'mitarbeiter', 'kunde', [length]: 2 ]\n  },\n  {\n    id: '20000000-0000-0000-0000-000000000004',\n    username: 'antonia.alpha',\n    password: '$2b$10$YTg4.iW.FPRqHExVLRf05Ob/z/BQqjUxJgncct2TgxGBjl4cCUNGS',\n    email: 'antonia.alpha@acme.com',\n    roles: [ 'mitarbeiter', 'kunde', [length]: 2 ]\n  },\n  {\n    id: '20000000-0000-0000-0000-000000000005',\n    username: 'dirk.delta',\n    password: '$2b$10$YTg4.iW.FPRqHExVLRf05Ob/z/BQqjUxJgncct2TgxGBjl4cCUNGS',\n    email: 'dirk.delta@acme.com',\n    roles: [ 'kunde', [length]: 1 ]\n  },\n  {\n    id: '20000000-0000-0000-0000-000000000006',\n    username: 'emilia.epsilon',\n    password: '$2b$10$YTg4.iW.FPRqHExVLRf05Ob/z/BQqjUxJgncct2TgxGBjl4cCUNGS',\n    email: 'emilia.epsilon@acme.com'\n  },\n  [length]: 6\n]","timestamp":"2021-04-26T13:08:52.310Z"}
{"level":"info","message":"RoleService: roles=[ 'admin', 'mitarbeiter', 'abteilungsleiter', 'kunde', [length]: 4 ]","timestamp":"2021-04-26T13:08:52.322Z"}
{"level":"info","message":"UsersService: users=[\n  {\n    id: '20000000-0000-0000-0000-000000000001',\n    username: 'admin',\n    password: '$2b$10$YTg4.iW.FPRqHExVLRf05Ob/z/BQqjUxJgncct2TgxGBjl4cCUNGS',\n    email: 'admin@acme.com',\n    roles: [\n      'admin',\n      'mitarbeiter',\n      'abteilungsleiter',\n      'kunde',\n      [length]: 4\n    ]\n  },\n  {\n    id: '20000000-0000-0000-0000-000000000002',\n    username: 'adriana.alpha',\n    password: '$2b$10$YTg4.iW.FPRqHExVLRf05Ob/z/BQqjUxJgncct2TgxGBjl4cCUNGS',\n    email: 'adriana.alpha@acme.com',\n    roles: [ 'admin', 'mitarbeiter', 'kunde', [length]: 3 ]\n  },\n  {\n    id: '20000000-0000-0000-0000-000000000003',\n    username: 'alfred.alpha',\n    password: '$2b$10$YTg4.iW.FPRqHExVLRf05Ob/z/BQqjUxJgncct2TgxGBjl4cCUNGS',\n    email: 'alfred.alpha@acme.com',\n    roles: [ 'mitarbeiter', 'kunde', [length]: 2 ]\n  },\n  {\n    id: '20000000-0000-0000-0000-000000000004',\n    username: 'antonia.alpha',\n    password: '$2b$10$YTg4.iW.FPRqHExVLRf05Ob/z/BQqjUxJgncct2TgxGBjl4cCUNGS',\n    email: 'antonia.alpha@acme.com',\n    roles: [ 'mitarbeiter', 'kunde', [length]: 2 ]\n  },\n  {\n    id: '20000000-0000-0000-0000-000000000005',\n    username: 'dirk.delta',\n    password: '$2b$10$YTg4.iW.FPRqHExVLRf05Ob/z/BQqjUxJgncct2TgxGBjl4cCUNGS',\n    email: 'dirk.delta@acme.com',\n    roles: [ 'kunde', [length]: 1 ]\n  },\n  {\n    id: '20000000-0000-0000-0000-000000000006',\n    username: 'emilia.epsilon',\n    password: '$2b$10$YTg4.iW.FPRqHExVLRf05Ob/z/BQqjUxJgncct2TgxGBjl4cCUNGS',\n    email: 'emilia.epsilon@acme.com'\n  },\n  [length]: 6\n]","timestamp":"2021-04-26T13:08:52.324Z"}
{"level":"info","message":"populateDB(): true","timestamp":"2021-04-26T13:08:52.761Z"}
{"level":"debug","message":"mongodb.connectMongoDB(): url=mongodb://admin:p@localhost/acme?authSource=admin","timestamp":"2021-04-26T13:08:52.762Z"}
{"message":"mongodb.connectMongoDB(): DB-Client geoeffnet","level":"debug","timestamp":"2021-04-26T13:08:52.806Z"}
{"level":"warn","message":"Die Collection \"Gemaelde\" wird geloescht...","timestamp":"2021-04-26T13:08:52.807Z"}
{"level":"warn","message":"Die Collection \"Gemaelde\" wurde geloescht.","timestamp":"2021-04-26T13:08:52.826Z"}
{"level":"warn","message":"Die Collection \"Gemaelde\" wird neu angelegt...","timestamp":"2021-04-26T13:08:52.827Z"}
{"level":"warn","message":"Die Collection \"Gemaelde\" wurde neu angelegt.","timestamp":"2021-04-26T13:08:52.847Z"}
{"level":"warn","message":"5 Datensaetze wurden eingefuegt.","timestamp":"2021-04-26T13:08:52.854Z"}
{"level":"info","message":"URL fuer mongoose: mongodb://USERNAME:***@localhost/acme?authSource=admin","timestamp":"2021-04-26T13:08:52.855Z"}
{"level":"info","message":"DB-Verbindung zu acme ist aufgebaut","timestamp":"2021-04-26T13:08:52.879Z"}
{"message":"\n.\n.___________.__          __________                     \n.__    ___/|  |__   __________    ____ ___.__. ______\n.  |    |   |  |  _/ __ |    |  _//  _ <   |  |/  ___/\n.  |    |   |   Y    ___/|    |   (  <_> )___  |___  \n.  |____|   |___|  /___  >______  /____// ____/____  >\n.                /     /       /       /         / \n.                  /____/\n\n    ","level":"info","timestamp":"2021-04-26T13:08:52.891Z"}
{"level":"info","message":"Node:           v15.11.0","timestamp":"2021-04-26T13:08:52.891Z"}
{"level":"info","message":"Betriebssystem: Windows_NT 10.0.19041","timestamp":"2021-04-26T13:08:52.892Z"}
{"level":"info","message":"Rechnername:    DESKTOP-CUO9S6A","timestamp":"2021-04-26T13:08:52.892Z"}
{"level":"info","message":"IP-Adresse:     192.168.56.1","timestamp":"2021-04-26T13:08:52.897Z"}
{"level":"info","message":"Username:       Jakob","timestamp":"2021-04-26T13:08:52.898Z"}
{"message":"","level":"info","timestamp":"2021-04-26T13:08:52.899Z"}
{"level":"info","message":"https://DESKTOP-CUO9S6A:3000 ist gestartet: Herunterfahren durch <Strg>C","timestamp":"2021-04-26T13:08:52.899Z"}
{"level":"debug","message":"consoleOptions: {\n  level: 'info',\n  format: Format {\n    options: {},\n    Format: <ref *1> [Function: Format] {\n      [length]: 0,\n      [name]: 'Format',\n      [prototype]: {\n        [constructor]: [Circular *1],\n        transform: [Function (anonymous)] { [length]: 1, [name]: '' }\n      }\n    }\n  }\n}","timestamp":"2021-04-26T13:09:02.888Z"}
{"level":"debug","message":"fileOptions: {\n  filename: 'C:\\\\Users\\\\Jakob\\\\Desktop\\\\Projekt\\\\gemaelde\\\\log\\\\server.log',\n  level: 'debug',\n  maxsize: 250000,\n  maxFiles: 3,\n  format: Format {\n    options: {},\n    Format: <ref *1> [Function: Format] {\n      [length]: 0,\n      [name]: 'Format',\n      [prototype]: {\n        [constructor]: [Circular *1],\n        transform: [Function (anonymous)] { [length]: 1, [name]: '' }\n      }\n    }\n  }\n}","timestamp":"2021-04-26T13:09:02.889Z"}
{"message":"Logging durch Winston ist konfiguriert","level":"info","timestamp":"2021-04-26T13:09:02.890Z"}
{"level":"info","message":"RoleService: roles=[ 'admin', 'mitarbeiter', 'abteilungsleiter', 'kunde', [length]: 4 ]","timestamp":"2021-04-26T13:09:05.175Z"}
{"level":"info","message":"UsersService: users=[\n  {\n    id: '20000000-0000-0000-0000-000000000001',\n    username: 'admin',\n    password: '$2b$10$YTg4.iW.FPRqHExVLRf05Ob/z/BQqjUxJgncct2TgxGBjl4cCUNGS',\n    email: 'admin@acme.com',\n    roles: [\n      'admin',\n      'mitarbeiter',\n      'abteilungsleiter',\n      'kunde',\n      [length]: 4\n    ]\n  },\n  {\n    id: '20000000-0000-0000-0000-000000000002',\n    username: 'adriana.alpha',\n    password: '$2b$10$YTg4.iW.FPRqHExVLRf05Ob/z/BQqjUxJgncct2TgxGBjl4cCUNGS',\n    email: 'adriana.alpha@acme.com',\n    roles: [ 'admin', 'mitarbeiter', 'kunde', [length]: 3 ]\n  },\n  {\n    id: '20000000-0000-0000-0000-000000000003',\n    username: 'alfred.alpha',\n    password: '$2b$10$YTg4.iW.FPRqHExVLRf05Ob/z/BQqjUxJgncct2TgxGBjl4cCUNGS',\n    email: 'alfred.alpha@acme.com',\n    roles: [ 'mitarbeiter', 'kunde', [length]: 2 ]\n  },\n  {\n    id: '20000000-0000-0000-0000-000000000004',\n    username: 'antonia.alpha',\n    password: '$2b$10$YTg4.iW.FPRqHExVLRf05Ob/z/BQqjUxJgncct2TgxGBjl4cCUNGS',\n    email: 'antonia.alpha@acme.com',\n    roles: [ 'mitarbeiter', 'kunde', [length]: 2 ]\n  },\n  {\n    id: '20000000-0000-0000-0000-000000000005',\n    username: 'dirk.delta',\n    password: '$2b$10$YTg4.iW.FPRqHExVLRf05Ob/z/BQqjUxJgncct2TgxGBjl4cCUNGS',\n    email: 'dirk.delta@acme.com',\n    roles: [ 'kunde', [length]: 1 ]\n  },\n  {\n    id: '20000000-0000-0000-0000-000000000006',\n    username: 'emilia.epsilon',\n    password: '$2b$10$YTg4.iW.FPRqHExVLRf05Ob/z/BQqjUxJgncct2TgxGBjl4cCUNGS',\n    email: 'emilia.epsilon@acme.com'\n  },\n  [length]: 6\n]","timestamp":"2021-04-26T13:09:05.177Z"}
{"level":"info","message":"RoleService: roles=[ 'admin', 'mitarbeiter', 'abteilungsleiter', 'kunde', [length]: 4 ]","timestamp":"2021-04-26T13:09:05.189Z"}
{"level":"info","message":"UsersService: users=[\n  {\n    id: '20000000-0000-0000-0000-000000000001',\n    username: 'admin',\n    password: '$2b$10$YTg4.iW.FPRqHExVLRf05Ob/z/BQqjUxJgncct2TgxGBjl4cCUNGS',\n    email: 'admin@acme.com',\n    roles: [\n      'admin',\n      'mitarbeiter',\n      'abteilungsleiter',\n      'kunde',\n      [length]: 4\n    ]\n  },\n  {\n    id: '20000000-0000-0000-0000-000000000002',\n    username: 'adriana.alpha',\n    password: '$2b$10$YTg4.iW.FPRqHExVLRf05Ob/z/BQqjUxJgncct2TgxGBjl4cCUNGS',\n    email: 'adriana.alpha@acme.com',\n    roles: [ 'admin', 'mitarbeiter', 'kunde', [length]: 3 ]\n  },\n  {\n    id: '20000000-0000-0000-0000-000000000003',\n    username: 'alfred.alpha',\n    password: '$2b$10$YTg4.iW.FPRqHExVLRf05Ob/z/BQqjUxJgncct2TgxGBjl4cCUNGS',\n    email: 'alfred.alpha@acme.com',\n    roles: [ 'mitarbeiter', 'kunde', [length]: 2 ]\n  },\n  {\n    id: '20000000-0000-0000-0000-000000000004',\n    username: 'antonia.alpha',\n    password: '$2b$10$YTg4.iW.FPRqHExVLRf05Ob/z/BQqjUxJgncct2TgxGBjl4cCUNGS',\n    email: 'antonia.alpha@acme.com',\n    roles: [ 'mitarbeiter', 'kunde', [length]: 2 ]\n  },\n  {\n    id: '20000000-0000-0000-0000-000000000005',\n    username: 'dirk.delta',\n    password: '$2b$10$YTg4.iW.FPRqHExVLRf05Ob/z/BQqjUxJgncct2TgxGBjl4cCUNGS',\n    email: 'dirk.delta@acme.com',\n    roles: [ 'kunde', [length]: 1 ]\n  },\n  {\n    id: '20000000-0000-0000-0000-000000000006',\n    username: 'emilia.epsilon',\n    password: '$2b$10$YTg4.iW.FPRqHExVLRf05Ob/z/BQqjUxJgncct2TgxGBjl4cCUNGS',\n    email: 'emilia.epsilon@acme.com'\n  },\n  [length]: 6\n]","timestamp":"2021-04-26T13:09:05.192Z"}
{"level":"info","message":"populateDB(): true","timestamp":"2021-04-26T13:09:05.637Z"}
{"level":"debug","message":"mongodb.connectMongoDB(): url=mongodb://admin:p@localhost/acme?authSource=admin","timestamp":"2021-04-26T13:09:05.637Z"}
{"message":"mongodb.connectMongoDB(): DB-Client geoeffnet","level":"debug","timestamp":"2021-04-26T13:09:05.686Z"}
{"level":"warn","message":"Die Collection \"Gemaelde\" wird geloescht...","timestamp":"2021-04-26T13:09:05.687Z"}
{"level":"warn","message":"Die Collection \"Gemaelde\" wurde geloescht.","timestamp":"2021-04-26T13:09:05.705Z"}
{"level":"warn","message":"Die Collection \"Gemaelde\" wird neu angelegt...","timestamp":"2021-04-26T13:09:05.705Z"}
{"level":"warn","message":"Die Collection \"Gemaelde\" wurde neu angelegt.","timestamp":"2021-04-26T13:09:05.726Z"}
{"level":"warn","message":"5 Datensaetze wurden eingefuegt.","timestamp":"2021-04-26T13:09:05.733Z"}
{"level":"info","message":"URL fuer mongoose: mongodb://USERNAME:***@localhost/acme?authSource=admin","timestamp":"2021-04-26T13:09:05.733Z"}
{"level":"info","message":"DB-Verbindung zu acme ist aufgebaut","timestamp":"2021-04-26T13:09:05.757Z"}
{"message":"\n.\n.___________.__          __________                     \n.__    ___/|  |__   __________    ____ ___.__. ______\n.  |    |   |  |  _/ __ |    |  _//  _ <   |  |/  ___/\n.  |    |   |   Y    ___/|    |   (  <_> )___  |___  \n.  |____|   |___|  /___  >______  /____// ____/____  >\n.                /     /       /       /         / \n.                  /____/\n\n    ","level":"info","timestamp":"2021-04-26T13:09:05.769Z"}
{"level":"info","message":"Node:           v15.11.0","timestamp":"2021-04-26T13:09:05.769Z"}
{"level":"info","message":"Betriebssystem: Windows_NT 10.0.19041","timestamp":"2021-04-26T13:09:05.770Z"}
{"level":"info","message":"Rechnername:    DESKTOP-CUO9S6A","timestamp":"2021-04-26T13:09:05.770Z"}
{"level":"info","message":"IP-Adresse:     192.168.56.1","timestamp":"2021-04-26T13:09:05.775Z"}
{"level":"info","message":"Username:       Jakob","timestamp":"2021-04-26T13:09:05.776Z"}
{"message":"","level":"info","timestamp":"2021-04-26T13:09:05.776Z"}
{"level":"info","message":"https://DESKTOP-CUO9S6A:3000 ist gestartet: Herunterfahren durch <Strg>C","timestamp":"2021-04-26T13:09:05.776Z"}
{"level":"debug","message":"Request: headers={\n  'user-agent': 'vscode-restclient',\n  'content-type': 'application/x-www-form-urlencoded',\n  'accept-encoding': 'gzip, deflate',\n  'content-length': '25',\n  host: 'localhost:3000',\n  connection: 'close'\n}","timestamp":"2021-04-26T13:09:13.725Z"}
{"level":"debug","message":"Request: protocol=https","timestamp":"2021-04-26T13:09:13.726Z"}
{"level":"debug","message":"Request: hostname=localhost","timestamp":"2021-04-26T13:09:13.726Z"}
{"level":"debug","message":"Request: body=undefined","timestamp":"2021-04-26T13:09:13.726Z"}
{"level":"debug","message":"user: {\n  id: '20000000-0000-0000-0000-000000000001',\n  username: 'admin',\n  password: '$2b$10$YTg4.iW.FPRqHExVLRf05Ob/z/BQqjUxJgncct2TgxGBjl4cCUNGS',\n  email: 'admin@acme.com',\n  roles: [ 'admin', 'mitarbeiter', 'abteilungsleiter', 'kunde', [length]: 4 ]\n}","timestamp":"2021-04-26T13:09:13.738Z"}
{"level":"debug","message":"AuthService.checkPassword(): true","timestamp":"2021-04-26T13:09:13.795Z"}
{"level":"debug","message":"AuthService.login(): result={\n  token: 'eyJhbGciOiJSUzI1NiIsInR5cCI6IkpXVCJ9.eyJpYXQiOjE2MTk0NDI1NTMsImV4cCI6MTYxOTUyODk1MywiaXNzIjoiaHR0cHM6Ly9hY21lLmNvbS9zaG9wL0p1ZXJnZW5aaW1tZXJtYW5uIiwic3ViIjoiMjAwMDAwMDAtMDAwMC0wMDAwLTAwMDAtMDAwMDAwMDAwMDAxIiwianRpIjoiOTU2NmM3YmItOTkxZS00NzhiLWEzM2EtMzdiNTQzYTNiMmY4In0.QFvgMcl86Phe2SRnVioLb_GJsHnj507RU-VPmvKtwvju-HoegGrEMC53xkCHGpfUFP0ZU4gBUrFPiW45thROqpZB8a4DXU3c_wJlrC1aIN6uxYWqfEeWLhe1A_jDS7Xlc6dL1Zz4T7aSypB-28IOG2D1AgMZHtr3OfDxtpQ50EithrQ52pplxI8NI8o9oRs1i-8wNAlU03FhOTVtCk7yUO2aU0JV8zC3oZc-d24oJGYvrONt4AK7oyOiK7zgl1_z_vXn6cbo00sF2N6qqZ0HWrFvbSp1sm9yBTw9Flrzt9rO2NAmz1R9idY0gO3e6J_QnpqN0qFtJRfPmZJI-w9Mrg',\n  expiresIn: '1d',\n  roles: [ 'admin', 'mitarbeiter', 'abteilungsleiter', 'kunde', [length]: 4 ]\n}","timestamp":"2021-04-26T13:09:13.799Z"}
{"level":"debug","message":"AuthRequestHandler.login(): {\n  token: 'eyJhbGciOiJSUzI1NiIsInR5cCI6IkpXVCJ9.eyJpYXQiOjE2MTk0NDI1NTMsImV4cCI6MTYxOTUyODk1MywiaXNzIjoiaHR0cHM6Ly9hY21lLmNvbS9zaG9wL0p1ZXJnZW5aaW1tZXJtYW5uIiwic3ViIjoiMjAwMDAwMDAtMDAwMC0wMDAwLTAwMDAtMDAwMDAwMDAwMDAxIiwianRpIjoiOTU2NmM3YmItOTkxZS00NzhiLWEzM2EtMzdiNTQzYTNiMmY4In0.QFvgMcl86Phe2SRnVioLb_GJsHnj507RU-VPmvKtwvju-HoegGrEMC53xkCHGpfUFP0ZU4gBUrFPiW45thROqpZB8a4DXU3c_wJlrC1aIN6uxYWqfEeWLhe1A_jDS7Xlc6dL1Zz4T7aSypB-28IOG2D1AgMZHtr3OfDxtpQ50EithrQ52pplxI8NI8o9oRs1i-8wNAlU03FhOTVtCk7yUO2aU0JV8zC3oZc-d24oJGYvrONt4AK7oyOiK7zgl1_z_vXn6cbo00sF2N6qqZ0HWrFvbSp1sm9yBTw9Flrzt9rO2NAmz1R9idY0gO3e6J_QnpqN0qFtJRfPmZJI-w9Mrg',\n  expiresIn: '1d',\n  roles: [ 'admin', 'mitarbeiter', 'abteilungsleiter', 'kunde', [length]: 4 ]\n}","timestamp":"2021-04-26T13:09:13.799Z"}
{"level":"debug","message":"Response time: 74.0906 ms","timestamp":"2021-04-26T13:09:13.801Z"}
{"level":"debug","message":"Request: headers={\n  'user-agent': 'vscode-restclient',\n  authorization: 'Bearer eyJhbGciOiJSUzI1NiIsInR5cCI6IkpXVCJ9.eyJpYXQiOjE2MTk0NDI1NTMsImV4cCI6MTYxOTUyODk1MywiaXNzIjoiaHR0cHM6Ly9hY21lLmNvbS9zaG9wL0p1ZXJnZW5aaW1tZXJtYW5uIiwic3ViIjoiMjAwMDAwMDAtMDAwMC0wMDAwLTAwMDAtMDAwMDAwMDAwMDAxIiwianRpIjoiOTU2NmM3YmItOTkxZS00NzhiLWEzM2EtMzdiNTQzYTNiMmY4In0.QFvgMcl86Phe2SRnVioLb_GJsHnj507RU-VPmvKtwvju-HoegGrEMC53xkCHGpfUFP0ZU4gBUrFPiW45thROqpZB8a4DXU3c_wJlrC1aIN6uxYWqfEeWLhe1A_jDS7Xlc6dL1Zz4T7aSypB-28IOG2D1AgMZHtr3OfDxtpQ50EithrQ52pplxI8NI8o9oRs1i-8wNAlU03FhOTVtCk7yUO2aU0JV8zC3oZc-d24oJGYvrONt4AK7oyOiK7zgl1_z_vXn6cbo00sF2N6qqZ0HWrFvbSp1sm9yBTw9Flrzt9rO2NAmz1R9idY0gO3e6J_QnpqN0qFtJRfPmZJI-w9Mrg',\n  'accept-encoding': 'gzip, deflate',\n  host: 'localhost:3000',\n  connection: 'close'\n}","timestamp":"2021-04-26T13:09:17.159Z"}
{"level":"debug","message":"Request: protocol=https","timestamp":"2021-04-26T13:09:17.159Z"}
{"level":"debug","message":"Request: hostname=localhost","timestamp":"2021-04-26T13:09:17.159Z"}
{"level":"debug","message":"Request: body=undefined","timestamp":"2021-04-26T13:09:17.159Z"}
{"message":"SharedRequestHandler.validateUUID(): isUUID","level":"debug","timestamp":"2021-04-26T13:09:17.161Z"}
{"level":"debug","message":"AuthService.validateJwt(): Der JWT-Token wurde decodiert: {\n  iat: 1619442553,\n  exp: 1619528953,\n  iss: 'https://acme.com/shop/JuergenZimmermann',\n  sub: '20000000-0000-0000-0000-000000000001',\n  jti: '9566c7bb-991e-478b-a33a-37b543a3b2f8'\n}","timestamp":"2021-04-26T13:09:17.163Z"}
{"level":"debug","message":"AuthService.validateJwt(): sub=20000000-0000-0000-0000-000000000001","timestamp":"2021-04-26T13:09:17.163Z"}
{"message":"AuthRequestHandler.validateJwt(): ok","level":"debug","timestamp":"2021-04-26T13:09:17.164Z"}
{"level":"debug","message":"Rollen = [ 'admin', [length]: 1 ]","timestamp":"2021-04-26T13:09:17.164Z"}
{"level":"debug","message":"RolesService.getNormalizedRoles(): [ 'admin', [length]: 1 ]","timestamp":"2021-04-26T13:09:17.164Z"}
{"level":"debug","message":"AuthService.hasAnyRole(): true","timestamp":"2021-04-26T13:09:17.164Z"}
{"message":"AuthRequestHandler.hasRolle(): ok","level":"debug","timestamp":"2021-04-26T13:09:17.164Z"}
{"message":"AuthRequestHandler.isAdmin(): true","level":"debug","timestamp":"2021-04-26T13:09:17.164Z"}
{"level":"debug","message":"GemaeldeRequestHandler.delete(): id=00000000-0000-0000-0000-000000000001","timestamp":"2021-04-26T13:09:17.164Z"}
{"level":"debug","message":"GemaeldeService.delete(): id=00000000-0000-0000-0000-000000000001","timestamp":"2021-04-26T13:09:17.165Z"}
{"level":"debug","message":"GemaeldeService.delete(): deleted={\n  _id: '00000000-0000-0000-0000-000000000001',\n  titel: 'Alpha',\n  art: 'OElGEMAELEDE',\n  haendler: 'HAENDLER1',\n  bewertung: 'AAA',\n  wert: 11.1,\n  ausgestellt: true,\n  beschreibung: 'Schön',\n  datum: 2020-02-01T00:00:00.000Z,\n  zertifizierung: '978-3897225831',\n  kategorien: [ 'Expressionismus', [length]: 1 ],\n  kuenstler: [\n    { nachname: 'Beta', vorname: 'Bert' },\n    { nachname: 'Alpha', vorname: 'Alfred' },\n    [length]: 2\n  ],\n  __v: 0,\n  createdAt: 2021-04-26T13:09:02.952Z,\n  updatedAt: 2021-04-26T13:09:02.952Z\n}","timestamp":"2021-04-26T13:09:17.177Z"}
{"message":"GemaeldeRequestHandler.delete(): NO_CONTENT","level":"debug","timestamp":"2021-04-26T13:09:17.177Z"}
{"level":"debug","message":"Response time: 17.1734 ms","timestamp":"2021-04-26T13:09:17.177Z"}
{"message":"Server wird heruntergefahren...","level":"info","timestamp":"2021-04-26T13:09:31.753Z"}
